Simulator report for encoder4to2
Fri Apr 07 15:23:35 2023
Quartus II Version 9.1 Build 350 03/24/2010 Service Pack 2 SJ Web Edition


---------------------
; Table of Contents ;
---------------------
  1. Legal Notice
  2. Simulator Summary
  3. Simulator Settings
  4. Simulation Waveforms
  5. Coverage Summary
  6. Complete 1/0-Value Coverage
  7. Missing 1-Value Coverage
  8. Missing 0-Value Coverage
  9. Simulator INI Usage
 10. Simulator Messages



----------------
; Legal Notice ;
----------------
Copyright (C) 1991-2010 Altera Corporation
Your use of Altera Corporation's design tools, logic functions 
and other software and tools, and its AMPP partner logic 
functions, and any output files from any of the foregoing 
(including device programming or simulation files), and any 
associated documentation or information are expressly subject 
to the terms and conditions of the Altera Program License 
Subscription Agreement, Altera MegaCore Function License 
Agreement, or other applicable license agreement, including, 
without limitation, that your use is for the sole purpose of 
programming logic devices manufactured by Altera and sold by 
Altera or its authorized distributors.  Please refer to the 
applicable agreement for further details.



+--------------------------------------------+
; Simulator Summary                          ;
+-----------------------------+--------------+
; Type                        ; Value        ;
+-----------------------------+--------------+
; Simulation Start Time       ; 0 ps         ;
; Simulation End Time         ; 1.0 us       ;
; Simulation Netlist Size     ; 427 nodes    ;
; Simulation Coverage         ;      16.90 % ;
; Total Number of Transitions ; 236          ;
; Simulation Breakpoints      ; 0            ;
; Family                      ; Stratix II   ;
+-----------------------------+--------------+


+-------------------------------------------------------------------------------------------------------------------------------------+
; Simulator Settings                                                                                                                  ;
+--------------------------------------------------------------------------------------------+------------------------+---------------+
; Option                                                                                     ; Setting                ; Default Value ;
+--------------------------------------------------------------------------------------------+------------------------+---------------+
; Simulation mode                                                                            ; Functional             ; Timing        ;
; Start time                                                                                 ; 0 ns                   ; 0 ns          ;
; Simulation results format                                                                  ; CVWF                   ;               ;
; Vector input source                                                                        ; 0407/encoder8to3_2.vwf ;               ;
; Add pins automatically to simulation output waveforms                                      ; On                     ; On            ;
; Check outputs                                                                              ; Off                    ; Off           ;
; Report simulation coverage                                                                 ; On                     ; On            ;
; Display complete 1/0 value coverage report                                                 ; On                     ; On            ;
; Display missing 1-value coverage report                                                    ; On                     ; On            ;
; Display missing 0-value coverage report                                                    ; On                     ; On            ;
; Detect setup and hold time violations                                                      ; Off                    ; Off           ;
; Detect glitches                                                                            ; Off                    ; Off           ;
; Disable timing delays in Timing Simulation                                                 ; Off                    ; Off           ;
; Generate Signal Activity File                                                              ; Off                    ; Off           ;
; Generate VCD File for PowerPlay Power Analyzer                                             ; Off                    ; Off           ;
; Group bus channels in simulation results                                                   ; Off                    ; Off           ;
; Preserve fewer signal transitions to reduce memory requirements                            ; On                     ; On            ;
; Trigger vector comparison with the specified mode                                          ; INPUT_EDGE             ; INPUT_EDGE    ;
; Disable setup and hold time violations detection in input registers of bi-directional pins ; Off                    ; Off           ;
; Overwrite Waveform Inputs With Simulation Outputs                                          ; Off                    ;               ;
; Perform Glitch Filtering in Timing Simulation                                              ; Auto                   ; Auto          ;
+--------------------------------------------------------------------------------------------+------------------------+---------------+


+----------------------+
; Simulation Waveforms ;
+----------------------+
Waveform report data cannot be output to ASCII.
Please use Quartus II to view the waveform report data.


+--------------------------------------------------------------------+
; Coverage Summary                                                   ;
+-----------------------------------------------------+--------------+
; Type                                                ; Value        ;
+-----------------------------------------------------+--------------+
; Total coverage as a percentage                      ;      16.90 % ;
; Total nodes checked                                 ; 427          ;
; Total output ports checked                          ; 426          ;
; Total output ports with complete 1/0-value coverage ; 72           ;
; Total output ports with no 1/0-value coverage       ; 354          ;
; Total output ports with no 1-value coverage         ; 354          ;
; Total output ports with no 0-value coverage         ; 354          ;
+-----------------------------------------------------+--------------+


The following table displays output ports that toggle between 1 and 0 during simulation.
+--------------------------------------------------------------------------------------------------------------+
; Complete 1/0-Value Coverage                                                                                  ;
+---------------------------------------------+---------------------------------------------+------------------+
; Node Name                                   ; Output Port Name                            ; Output Port Type ;
+---------------------------------------------+---------------------------------------------+------------------+
; |encoder8to3_2|A~0                          ; |encoder8to3_2|A~0                          ; out0             ;
; |encoder8to3_2|A~1                          ; |encoder8to3_2|A~1                          ; out0             ;
; |encoder8to3_2|A~2                          ; |encoder8to3_2|A~2                          ; out0             ;
; |encoder8to3_2|GS~0                         ; |encoder8to3_2|GS~0                         ; out0             ;
; |encoder8to3_2|I[0]                         ; |encoder8to3_2|I[0]                         ; out              ;
; |encoder8to3_2|I[1]                         ; |encoder8to3_2|I[1]                         ; out              ;
; |encoder8to3_2|I[2]                         ; |encoder8to3_2|I[2]                         ; out              ;
; |encoder8to3_2|I[3]                         ; |encoder8to3_2|I[3]                         ; out              ;
; |encoder8to3_2|I[4]                         ; |encoder8to3_2|I[4]                         ; out              ;
; |encoder8to3_2|I[5]                         ; |encoder8to3_2|I[5]                         ; out              ;
; |encoder8to3_2|I[6]                         ; |encoder8to3_2|I[6]                         ; out              ;
; |encoder8to3_2|I[7]                         ; |encoder8to3_2|I[7]                         ; out              ;
; |encoder8to3_2|I[8]                         ; |encoder8to3_2|I[8]                         ; out              ;
; |encoder8to3_2|I[9]                         ; |encoder8to3_2|I[9]                         ; out              ;
; |encoder8to3_2|I[10]                        ; |encoder8to3_2|I[10]                        ; out              ;
; |encoder8to3_2|I[11]                        ; |encoder8to3_2|I[11]                        ; out              ;
; |encoder8to3_2|I[12]                        ; |encoder8to3_2|I[12]                        ; out              ;
; |encoder8to3_2|I[13]                        ; |encoder8to3_2|I[13]                        ; out              ;
; |encoder8to3_2|I[14]                        ; |encoder8to3_2|I[14]                        ; out              ;
; |encoder8to3_2|I[15]                        ; |encoder8to3_2|I[15]                        ; out              ;
; |encoder8to3_2|A[0]                         ; |encoder8to3_2|A[0]                         ; pin_out          ;
; |encoder8to3_2|A[1]                         ; |encoder8to3_2|A[1]                         ; pin_out          ;
; |encoder8to3_2|A[2]                         ; |encoder8to3_2|A[2]                         ; pin_out          ;
; |encoder8to3_2|A[3]                         ; |encoder8to3_2|A[3]                         ; pin_out          ;
; |encoder8to3_2|GS                           ; |encoder8to3_2|GS                           ; pin_out          ;
; |encoder8to3_2|encoder8to3:co2|GS           ; |encoder8to3_2|encoder8to3:co2|GS           ; out0             ;
; |encoder8to3_2|encoder8to3:co2|WideOr0      ; |encoder8to3_2|encoder8to3:co2|WideOr0      ; out0             ;
; |encoder8to3_2|encoder8to3:co2|WideOr1      ; |encoder8to3_2|encoder8to3:co2|WideOr1      ; out0             ;
; |encoder8to3_2|encoder8to3:co2|WideOr2      ; |encoder8to3_2|encoder8to3:co2|WideOr2      ; out0             ;
; |encoder8to3_2|encoder8to3:co2|A[2]         ; |encoder8to3_2|encoder8to3:co2|A[2]         ; out              ;
; |encoder8to3_2|encoder8to3:co2|A[1]         ; |encoder8to3_2|encoder8to3:co2|A[1]         ; out              ;
; |encoder8to3_2|encoder8to3:co2|A[0]         ; |encoder8to3_2|encoder8to3:co2|A[0]         ; out              ;
; |encoder8to3_2|encoder8to3:co1|EO~0         ; |encoder8to3_2|encoder8to3:co1|EO~0         ; out0             ;
; |encoder8to3_2|encoder8to3:co1|EO~1         ; |encoder8to3_2|encoder8to3:co1|EO~1         ; out0             ;
; |encoder8to3_2|encoder8to3:co1|EO~2         ; |encoder8to3_2|encoder8to3:co1|EO~2         ; out0             ;
; |encoder8to3_2|encoder8to3:co1|EO~3         ; |encoder8to3_2|encoder8to3:co1|EO~3         ; out0             ;
; |encoder8to3_2|encoder8to3:co1|EO~4         ; |encoder8to3_2|encoder8to3:co1|EO~4         ; out0             ;
; |encoder8to3_2|encoder8to3:co1|EO~5         ; |encoder8to3_2|encoder8to3:co1|EO~5         ; out0             ;
; |encoder8to3_2|encoder8to3:co1|EO~6         ; |encoder8to3_2|encoder8to3:co1|EO~6         ; out0             ;
; |encoder8to3_2|encoder8to3:co1|WideOr0      ; |encoder8to3_2|encoder8to3:co1|WideOr0      ; out0             ;
; |encoder8to3_2|encoder8to3:co1|WideOr1      ; |encoder8to3_2|encoder8to3:co1|WideOr1      ; out0             ;
; |encoder8to3_2|encoder8to3:co1|WideOr2      ; |encoder8to3_2|encoder8to3:co1|WideOr2      ; out0             ;
; |encoder8to3_2|encoder8to3:co2|Decoder0~0   ; |encoder8to3_2|encoder8to3:co2|Decoder0~0   ; out0             ;
; |encoder8to3_2|encoder8to3:co2|Decoder0~64  ; |encoder8to3_2|encoder8to3:co2|Decoder0~64  ; out0             ;
; |encoder8to3_2|encoder8to3:co2|Decoder0~96  ; |encoder8to3_2|encoder8to3:co2|Decoder0~96  ; out0             ;
; |encoder8to3_2|encoder8to3:co2|Decoder0~112 ; |encoder8to3_2|encoder8to3:co2|Decoder0~112 ; out0             ;
; |encoder8to3_2|encoder8to3:co2|Decoder0~120 ; |encoder8to3_2|encoder8to3:co2|Decoder0~120 ; out0             ;
; |encoder8to3_2|encoder8to3:co2|Decoder0~124 ; |encoder8to3_2|encoder8to3:co2|Decoder0~124 ; out0             ;
; |encoder8to3_2|encoder8to3:co2|Decoder0~126 ; |encoder8to3_2|encoder8to3:co2|Decoder0~126 ; out0             ;
; |encoder8to3_2|encoder8to3:co2|Decoder0~127 ; |encoder8to3_2|encoder8to3:co2|Decoder0~127 ; out0             ;
; |encoder8to3_2|encoder8to3:co2|Decoder0~128 ; |encoder8to3_2|encoder8to3:co2|Decoder0~128 ; out              ;
; |encoder8to3_2|encoder8to3:co2|Decoder0~160 ; |encoder8to3_2|encoder8to3:co2|Decoder0~160 ; out              ;
; |encoder8to3_2|encoder8to3:co2|Decoder0~176 ; |encoder8to3_2|encoder8to3:co2|Decoder0~176 ; out              ;
; |encoder8to3_2|encoder8to3:co2|Decoder0~184 ; |encoder8to3_2|encoder8to3:co2|Decoder0~184 ; out              ;
; |encoder8to3_2|encoder8to3:co2|Decoder0~188 ; |encoder8to3_2|encoder8to3:co2|Decoder0~188 ; out              ;
; |encoder8to3_2|encoder8to3:co2|Decoder0~190 ; |encoder8to3_2|encoder8to3:co2|Decoder0~190 ; out              ;
; |encoder8to3_2|encoder8to3:co2|Decoder0~191 ; |encoder8to3_2|encoder8to3:co2|Decoder0~191 ; out              ;
; |encoder8to3_2|encoder8to3:co1|Decoder0~0   ; |encoder8to3_2|encoder8to3:co1|Decoder0~0   ; out0             ;
; |encoder8to3_2|encoder8to3:co1|Decoder0~64  ; |encoder8to3_2|encoder8to3:co1|Decoder0~64  ; out0             ;
; |encoder8to3_2|encoder8to3:co1|Decoder0~96  ; |encoder8to3_2|encoder8to3:co1|Decoder0~96  ; out0             ;
; |encoder8to3_2|encoder8to3:co1|Decoder0~112 ; |encoder8to3_2|encoder8to3:co1|Decoder0~112 ; out0             ;
; |encoder8to3_2|encoder8to3:co1|Decoder0~120 ; |encoder8to3_2|encoder8to3:co1|Decoder0~120 ; out0             ;
; |encoder8to3_2|encoder8to3:co1|Decoder0~124 ; |encoder8to3_2|encoder8to3:co1|Decoder0~124 ; out0             ;
; |encoder8to3_2|encoder8to3:co1|Decoder0~126 ; |encoder8to3_2|encoder8to3:co1|Decoder0~126 ; out0             ;
; |encoder8to3_2|encoder8to3:co1|Decoder0~127 ; |encoder8to3_2|encoder8to3:co1|Decoder0~127 ; out0             ;
; |encoder8to3_2|encoder8to3:co1|Decoder0~128 ; |encoder8to3_2|encoder8to3:co1|Decoder0~128 ; out              ;
; |encoder8to3_2|encoder8to3:co1|Decoder0~160 ; |encoder8to3_2|encoder8to3:co1|Decoder0~160 ; out              ;
; |encoder8to3_2|encoder8to3:co1|Decoder0~176 ; |encoder8to3_2|encoder8to3:co1|Decoder0~176 ; out              ;
; |encoder8to3_2|encoder8to3:co1|Decoder0~184 ; |encoder8to3_2|encoder8to3:co1|Decoder0~184 ; out              ;
; |encoder8to3_2|encoder8to3:co1|Decoder0~188 ; |encoder8to3_2|encoder8to3:co1|Decoder0~188 ; out              ;
; |encoder8to3_2|encoder8to3:co1|Decoder0~190 ; |encoder8to3_2|encoder8to3:co1|Decoder0~190 ; out              ;
; |encoder8to3_2|encoder8to3:co1|Decoder0~191 ; |encoder8to3_2|encoder8to3:co1|Decoder0~191 ; out              ;
+---------------------------------------------+---------------------------------------------+------------------+


The following table displays output ports that do not toggle to 1 during simulation.
+--------------------------------------------------------------------------------------------------------------+
; Missing 1-Value Coverage                                                                                     ;
+---------------------------------------------+---------------------------------------------+------------------+
; Node Name                                   ; Output Port Name                            ; Output Port Type ;
+---------------------------------------------+---------------------------------------------+------------------+
; |encoder8to3_2|encoder8to3:co2|Decoder0~1   ; |encoder8to3_2|encoder8to3:co2|Decoder0~1   ; out0             ;
; |encoder8to3_2|encoder8to3:co2|Decoder0~2   ; |encoder8to3_2|encoder8to3:co2|Decoder0~2   ; out0             ;
; |encoder8to3_2|encoder8to3:co2|Decoder0~3   ; |encoder8to3_2|encoder8to3:co2|Decoder0~3   ; out0             ;
; |encoder8to3_2|encoder8to3:co2|Decoder0~4   ; |encoder8to3_2|encoder8to3:co2|Decoder0~4   ; out0             ;
; |encoder8to3_2|encoder8to3:co2|Decoder0~5   ; |encoder8to3_2|encoder8to3:co2|Decoder0~5   ; out0             ;
; |encoder8to3_2|encoder8to3:co2|Decoder0~6   ; |encoder8to3_2|encoder8to3:co2|Decoder0~6   ; out0             ;
; |encoder8to3_2|encoder8to3:co2|Decoder0~7   ; |encoder8to3_2|encoder8to3:co2|Decoder0~7   ; out0             ;
; |encoder8to3_2|encoder8to3:co2|Decoder0~8   ; |encoder8to3_2|encoder8to3:co2|Decoder0~8   ; out0             ;
; |encoder8to3_2|encoder8to3:co2|Decoder0~9   ; |encoder8to3_2|encoder8to3:co2|Decoder0~9   ; out0             ;
; |encoder8to3_2|encoder8to3:co2|Decoder0~10  ; |encoder8to3_2|encoder8to3:co2|Decoder0~10  ; out0             ;
; |encoder8to3_2|encoder8to3:co2|Decoder0~11  ; |encoder8to3_2|encoder8to3:co2|Decoder0~11  ; out0             ;
; |encoder8to3_2|encoder8to3:co2|Decoder0~12  ; |encoder8to3_2|encoder8to3:co2|Decoder0~12  ; out0             ;
; |encoder8to3_2|encoder8to3:co2|Decoder0~13  ; |encoder8to3_2|encoder8to3:co2|Decoder0~13  ; out0             ;
; |encoder8to3_2|encoder8to3:co2|Decoder0~14  ; |encoder8to3_2|encoder8to3:co2|Decoder0~14  ; out0             ;
; |encoder8to3_2|encoder8to3:co2|Decoder0~15  ; |encoder8to3_2|encoder8to3:co2|Decoder0~15  ; out0             ;
; |encoder8to3_2|encoder8to3:co2|Decoder0~16  ; |encoder8to3_2|encoder8to3:co2|Decoder0~16  ; out0             ;
; |encoder8to3_2|encoder8to3:co2|Decoder0~17  ; |encoder8to3_2|encoder8to3:co2|Decoder0~17  ; out0             ;
; |encoder8to3_2|encoder8to3:co2|Decoder0~18  ; |encoder8to3_2|encoder8to3:co2|Decoder0~18  ; out0             ;
; |encoder8to3_2|encoder8to3:co2|Decoder0~19  ; |encoder8to3_2|encoder8to3:co2|Decoder0~19  ; out0             ;
; |encoder8to3_2|encoder8to3:co2|Decoder0~20  ; |encoder8to3_2|encoder8to3:co2|Decoder0~20  ; out0             ;
; |encoder8to3_2|encoder8to3:co2|Decoder0~21  ; |encoder8to3_2|encoder8to3:co2|Decoder0~21  ; out0             ;
; |encoder8to3_2|encoder8to3:co2|Decoder0~22  ; |encoder8to3_2|encoder8to3:co2|Decoder0~22  ; out0             ;
; |encoder8to3_2|encoder8to3:co2|Decoder0~23  ; |encoder8to3_2|encoder8to3:co2|Decoder0~23  ; out0             ;
; |encoder8to3_2|encoder8to3:co2|Decoder0~24  ; |encoder8to3_2|encoder8to3:co2|Decoder0~24  ; out0             ;
; |encoder8to3_2|encoder8to3:co2|Decoder0~25  ; |encoder8to3_2|encoder8to3:co2|Decoder0~25  ; out0             ;
; |encoder8to3_2|encoder8to3:co2|Decoder0~26  ; |encoder8to3_2|encoder8to3:co2|Decoder0~26  ; out0             ;
; |encoder8to3_2|encoder8to3:co2|Decoder0~27  ; |encoder8to3_2|encoder8to3:co2|Decoder0~27  ; out0             ;
; |encoder8to3_2|encoder8to3:co2|Decoder0~28  ; |encoder8to3_2|encoder8to3:co2|Decoder0~28  ; out0             ;
; |encoder8to3_2|encoder8to3:co2|Decoder0~29  ; |encoder8to3_2|encoder8to3:co2|Decoder0~29  ; out0             ;
; |encoder8to3_2|encoder8to3:co2|Decoder0~30  ; |encoder8to3_2|encoder8to3:co2|Decoder0~30  ; out0             ;
; |encoder8to3_2|encoder8to3:co2|Decoder0~31  ; |encoder8to3_2|encoder8to3:co2|Decoder0~31  ; out0             ;
; |encoder8to3_2|encoder8to3:co2|Decoder0~32  ; |encoder8to3_2|encoder8to3:co2|Decoder0~32  ; out0             ;
; |encoder8to3_2|encoder8to3:co2|Decoder0~33  ; |encoder8to3_2|encoder8to3:co2|Decoder0~33  ; out0             ;
; |encoder8to3_2|encoder8to3:co2|Decoder0~34  ; |encoder8to3_2|encoder8to3:co2|Decoder0~34  ; out0             ;
; |encoder8to3_2|encoder8to3:co2|Decoder0~35  ; |encoder8to3_2|encoder8to3:co2|Decoder0~35  ; out0             ;
; |encoder8to3_2|encoder8to3:co2|Decoder0~36  ; |encoder8to3_2|encoder8to3:co2|Decoder0~36  ; out0             ;
; |encoder8to3_2|encoder8to3:co2|Decoder0~37  ; |encoder8to3_2|encoder8to3:co2|Decoder0~37  ; out0             ;
; |encoder8to3_2|encoder8to3:co2|Decoder0~38  ; |encoder8to3_2|encoder8to3:co2|Decoder0~38  ; out0             ;
; |encoder8to3_2|encoder8to3:co2|Decoder0~39  ; |encoder8to3_2|encoder8to3:co2|Decoder0~39  ; out0             ;
; |encoder8to3_2|encoder8to3:co2|Decoder0~40  ; |encoder8to3_2|encoder8to3:co2|Decoder0~40  ; out0             ;
; |encoder8to3_2|encoder8to3:co2|Decoder0~41  ; |encoder8to3_2|encoder8to3:co2|Decoder0~41  ; out0             ;
; |encoder8to3_2|encoder8to3:co2|Decoder0~42  ; |encoder8to3_2|encoder8to3:co2|Decoder0~42  ; out0             ;
; |encoder8to3_2|encoder8to3:co2|Decoder0~43  ; |encoder8to3_2|encoder8to3:co2|Decoder0~43  ; out0             ;
; |encoder8to3_2|encoder8to3:co2|Decoder0~44  ; |encoder8to3_2|encoder8to3:co2|Decoder0~44  ; out0             ;
; |encoder8to3_2|encoder8to3:co2|Decoder0~45  ; |encoder8to3_2|encoder8to3:co2|Decoder0~45  ; out0             ;
; |encoder8to3_2|encoder8to3:co2|Decoder0~46  ; |encoder8to3_2|encoder8to3:co2|Decoder0~46  ; out0             ;
; |encoder8to3_2|encoder8to3:co2|Decoder0~47  ; |encoder8to3_2|encoder8to3:co2|Decoder0~47  ; out0             ;
; |encoder8to3_2|encoder8to3:co2|Decoder0~48  ; |encoder8to3_2|encoder8to3:co2|Decoder0~48  ; out0             ;
; |encoder8to3_2|encoder8to3:co2|Decoder0~49  ; |encoder8to3_2|encoder8to3:co2|Decoder0~49  ; out0             ;
; |encoder8to3_2|encoder8to3:co2|Decoder0~50  ; |encoder8to3_2|encoder8to3:co2|Decoder0~50  ; out0             ;
; |encoder8to3_2|encoder8to3:co2|Decoder0~51  ; |encoder8to3_2|encoder8to3:co2|Decoder0~51  ; out0             ;
; |encoder8to3_2|encoder8to3:co2|Decoder0~52  ; |encoder8to3_2|encoder8to3:co2|Decoder0~52  ; out0             ;
; |encoder8to3_2|encoder8to3:co2|Decoder0~53  ; |encoder8to3_2|encoder8to3:co2|Decoder0~53  ; out0             ;
; |encoder8to3_2|encoder8to3:co2|Decoder0~54  ; |encoder8to3_2|encoder8to3:co2|Decoder0~54  ; out0             ;
; |encoder8to3_2|encoder8to3:co2|Decoder0~55  ; |encoder8to3_2|encoder8to3:co2|Decoder0~55  ; out0             ;
; |encoder8to3_2|encoder8to3:co2|Decoder0~56  ; |encoder8to3_2|encoder8to3:co2|Decoder0~56  ; out0             ;
; |encoder8to3_2|encoder8to3:co2|Decoder0~57  ; |encoder8to3_2|encoder8to3:co2|Decoder0~57  ; out0             ;
; |encoder8to3_2|encoder8to3:co2|Decoder0~58  ; |encoder8to3_2|encoder8to3:co2|Decoder0~58  ; out0             ;
; |encoder8to3_2|encoder8to3:co2|Decoder0~59  ; |encoder8to3_2|encoder8to3:co2|Decoder0~59  ; out0             ;
; |encoder8to3_2|encoder8to3:co2|Decoder0~60  ; |encoder8to3_2|encoder8to3:co2|Decoder0~60  ; out0             ;
; |encoder8to3_2|encoder8to3:co2|Decoder0~61  ; |encoder8to3_2|encoder8to3:co2|Decoder0~61  ; out0             ;
; |encoder8to3_2|encoder8to3:co2|Decoder0~62  ; |encoder8to3_2|encoder8to3:co2|Decoder0~62  ; out0             ;
; |encoder8to3_2|encoder8to3:co2|Decoder0~63  ; |encoder8to3_2|encoder8to3:co2|Decoder0~63  ; out0             ;
; |encoder8to3_2|encoder8to3:co2|Decoder0~65  ; |encoder8to3_2|encoder8to3:co2|Decoder0~65  ; out0             ;
; |encoder8to3_2|encoder8to3:co2|Decoder0~66  ; |encoder8to3_2|encoder8to3:co2|Decoder0~66  ; out0             ;
; |encoder8to3_2|encoder8to3:co2|Decoder0~67  ; |encoder8to3_2|encoder8to3:co2|Decoder0~67  ; out0             ;
; |encoder8to3_2|encoder8to3:co2|Decoder0~68  ; |encoder8to3_2|encoder8to3:co2|Decoder0~68  ; out0             ;
; |encoder8to3_2|encoder8to3:co2|Decoder0~69  ; |encoder8to3_2|encoder8to3:co2|Decoder0~69  ; out0             ;
; |encoder8to3_2|encoder8to3:co2|Decoder0~70  ; |encoder8to3_2|encoder8to3:co2|Decoder0~70  ; out0             ;
; |encoder8to3_2|encoder8to3:co2|Decoder0~71  ; |encoder8to3_2|encoder8to3:co2|Decoder0~71  ; out0             ;
; |encoder8to3_2|encoder8to3:co2|Decoder0~72  ; |encoder8to3_2|encoder8to3:co2|Decoder0~72  ; out0             ;
; |encoder8to3_2|encoder8to3:co2|Decoder0~73  ; |encoder8to3_2|encoder8to3:co2|Decoder0~73  ; out0             ;
; |encoder8to3_2|encoder8to3:co2|Decoder0~74  ; |encoder8to3_2|encoder8to3:co2|Decoder0~74  ; out0             ;
; |encoder8to3_2|encoder8to3:co2|Decoder0~75  ; |encoder8to3_2|encoder8to3:co2|Decoder0~75  ; out0             ;
; |encoder8to3_2|encoder8to3:co2|Decoder0~76  ; |encoder8to3_2|encoder8to3:co2|Decoder0~76  ; out0             ;
; |encoder8to3_2|encoder8to3:co2|Decoder0~77  ; |encoder8to3_2|encoder8to3:co2|Decoder0~77  ; out0             ;
; |encoder8to3_2|encoder8to3:co2|Decoder0~78  ; |encoder8to3_2|encoder8to3:co2|Decoder0~78  ; out0             ;
; |encoder8to3_2|encoder8to3:co2|Decoder0~79  ; |encoder8to3_2|encoder8to3:co2|Decoder0~79  ; out0             ;
; |encoder8to3_2|encoder8to3:co2|Decoder0~80  ; |encoder8to3_2|encoder8to3:co2|Decoder0~80  ; out0             ;
; |encoder8to3_2|encoder8to3:co2|Decoder0~81  ; |encoder8to3_2|encoder8to3:co2|Decoder0~81  ; out0             ;
; |encoder8to3_2|encoder8to3:co2|Decoder0~82  ; |encoder8to3_2|encoder8to3:co2|Decoder0~82  ; out0             ;
; |encoder8to3_2|encoder8to3:co2|Decoder0~83  ; |encoder8to3_2|encoder8to3:co2|Decoder0~83  ; out0             ;
; |encoder8to3_2|encoder8to3:co2|Decoder0~84  ; |encoder8to3_2|encoder8to3:co2|Decoder0~84  ; out0             ;
; |encoder8to3_2|encoder8to3:co2|Decoder0~85  ; |encoder8to3_2|encoder8to3:co2|Decoder0~85  ; out0             ;
; |encoder8to3_2|encoder8to3:co2|Decoder0~86  ; |encoder8to3_2|encoder8to3:co2|Decoder0~86  ; out0             ;
; |encoder8to3_2|encoder8to3:co2|Decoder0~87  ; |encoder8to3_2|encoder8to3:co2|Decoder0~87  ; out0             ;
; |encoder8to3_2|encoder8to3:co2|Decoder0~88  ; |encoder8to3_2|encoder8to3:co2|Decoder0~88  ; out0             ;
; |encoder8to3_2|encoder8to3:co2|Decoder0~89  ; |encoder8to3_2|encoder8to3:co2|Decoder0~89  ; out0             ;
; |encoder8to3_2|encoder8to3:co2|Decoder0~90  ; |encoder8to3_2|encoder8to3:co2|Decoder0~90  ; out0             ;
; |encoder8to3_2|encoder8to3:co2|Decoder0~91  ; |encoder8to3_2|encoder8to3:co2|Decoder0~91  ; out0             ;
; |encoder8to3_2|encoder8to3:co2|Decoder0~92  ; |encoder8to3_2|encoder8to3:co2|Decoder0~92  ; out0             ;
; |encoder8to3_2|encoder8to3:co2|Decoder0~93  ; |encoder8to3_2|encoder8to3:co2|Decoder0~93  ; out0             ;
; |encoder8to3_2|encoder8to3:co2|Decoder0~94  ; |encoder8to3_2|encoder8to3:co2|Decoder0~94  ; out0             ;
; |encoder8to3_2|encoder8to3:co2|Decoder0~95  ; |encoder8to3_2|encoder8to3:co2|Decoder0~95  ; out0             ;
; |encoder8to3_2|encoder8to3:co2|Decoder0~97  ; |encoder8to3_2|encoder8to3:co2|Decoder0~97  ; out0             ;
; |encoder8to3_2|encoder8to3:co2|Decoder0~98  ; |encoder8to3_2|encoder8to3:co2|Decoder0~98  ; out0             ;
; |encoder8to3_2|encoder8to3:co2|Decoder0~99  ; |encoder8to3_2|encoder8to3:co2|Decoder0~99  ; out0             ;
; |encoder8to3_2|encoder8to3:co2|Decoder0~100 ; |encoder8to3_2|encoder8to3:co2|Decoder0~100 ; out0             ;
; |encoder8to3_2|encoder8to3:co2|Decoder0~101 ; |encoder8to3_2|encoder8to3:co2|Decoder0~101 ; out0             ;
; |encoder8to3_2|encoder8to3:co2|Decoder0~102 ; |encoder8to3_2|encoder8to3:co2|Decoder0~102 ; out0             ;
; |encoder8to3_2|encoder8to3:co2|Decoder0~103 ; |encoder8to3_2|encoder8to3:co2|Decoder0~103 ; out0             ;
; |encoder8to3_2|encoder8to3:co2|Decoder0~104 ; |encoder8to3_2|encoder8to3:co2|Decoder0~104 ; out0             ;
; |encoder8to3_2|encoder8to3:co2|Decoder0~105 ; |encoder8to3_2|encoder8to3:co2|Decoder0~105 ; out0             ;
; |encoder8to3_2|encoder8to3:co2|Decoder0~106 ; |encoder8to3_2|encoder8to3:co2|Decoder0~106 ; out0             ;
; |encoder8to3_2|encoder8to3:co2|Decoder0~107 ; |encoder8to3_2|encoder8to3:co2|Decoder0~107 ; out0             ;
; |encoder8to3_2|encoder8to3:co2|Decoder0~108 ; |encoder8to3_2|encoder8to3:co2|Decoder0~108 ; out0             ;
; |encoder8to3_2|encoder8to3:co2|Decoder0~109 ; |encoder8to3_2|encoder8to3:co2|Decoder0~109 ; out0             ;
; |encoder8to3_2|encoder8to3:co2|Decoder0~110 ; |encoder8to3_2|encoder8to3:co2|Decoder0~110 ; out0             ;
; |encoder8to3_2|encoder8to3:co2|Decoder0~111 ; |encoder8to3_2|encoder8to3:co2|Decoder0~111 ; out0             ;
; |encoder8to3_2|encoder8to3:co2|Decoder0~113 ; |encoder8to3_2|encoder8to3:co2|Decoder0~113 ; out0             ;
; |encoder8to3_2|encoder8to3:co2|Decoder0~114 ; |encoder8to3_2|encoder8to3:co2|Decoder0~114 ; out0             ;
; |encoder8to3_2|encoder8to3:co2|Decoder0~115 ; |encoder8to3_2|encoder8to3:co2|Decoder0~115 ; out0             ;
; |encoder8to3_2|encoder8to3:co2|Decoder0~116 ; |encoder8to3_2|encoder8to3:co2|Decoder0~116 ; out0             ;
; |encoder8to3_2|encoder8to3:co2|Decoder0~117 ; |encoder8to3_2|encoder8to3:co2|Decoder0~117 ; out0             ;
; |encoder8to3_2|encoder8to3:co2|Decoder0~118 ; |encoder8to3_2|encoder8to3:co2|Decoder0~118 ; out0             ;
; |encoder8to3_2|encoder8to3:co2|Decoder0~119 ; |encoder8to3_2|encoder8to3:co2|Decoder0~119 ; out0             ;
; |encoder8to3_2|encoder8to3:co2|Decoder0~121 ; |encoder8to3_2|encoder8to3:co2|Decoder0~121 ; out0             ;
; |encoder8to3_2|encoder8to3:co2|Decoder0~122 ; |encoder8to3_2|encoder8to3:co2|Decoder0~122 ; out0             ;
; |encoder8to3_2|encoder8to3:co2|Decoder0~123 ; |encoder8to3_2|encoder8to3:co2|Decoder0~123 ; out0             ;
; |encoder8to3_2|encoder8to3:co2|Decoder0~125 ; |encoder8to3_2|encoder8to3:co2|Decoder0~125 ; out0             ;
; |encoder8to3_2|encoder8to3:co2|Decoder0~129 ; |encoder8to3_2|encoder8to3:co2|Decoder0~129 ; out              ;
; |encoder8to3_2|encoder8to3:co2|Decoder0~130 ; |encoder8to3_2|encoder8to3:co2|Decoder0~130 ; out              ;
; |encoder8to3_2|encoder8to3:co2|Decoder0~131 ; |encoder8to3_2|encoder8to3:co2|Decoder0~131 ; out              ;
; |encoder8to3_2|encoder8to3:co2|Decoder0~132 ; |encoder8to3_2|encoder8to3:co2|Decoder0~132 ; out              ;
; |encoder8to3_2|encoder8to3:co2|Decoder0~133 ; |encoder8to3_2|encoder8to3:co2|Decoder0~133 ; out              ;
; |encoder8to3_2|encoder8to3:co2|Decoder0~134 ; |encoder8to3_2|encoder8to3:co2|Decoder0~134 ; out              ;
; |encoder8to3_2|encoder8to3:co2|Decoder0~135 ; |encoder8to3_2|encoder8to3:co2|Decoder0~135 ; out              ;
; |encoder8to3_2|encoder8to3:co2|Decoder0~136 ; |encoder8to3_2|encoder8to3:co2|Decoder0~136 ; out              ;
; |encoder8to3_2|encoder8to3:co2|Decoder0~137 ; |encoder8to3_2|encoder8to3:co2|Decoder0~137 ; out              ;
; |encoder8to3_2|encoder8to3:co2|Decoder0~138 ; |encoder8to3_2|encoder8to3:co2|Decoder0~138 ; out              ;
; |encoder8to3_2|encoder8to3:co2|Decoder0~139 ; |encoder8to3_2|encoder8to3:co2|Decoder0~139 ; out              ;
; |encoder8to3_2|encoder8to3:co2|Decoder0~140 ; |encoder8to3_2|encoder8to3:co2|Decoder0~140 ; out              ;
; |encoder8to3_2|encoder8to3:co2|Decoder0~141 ; |encoder8to3_2|encoder8to3:co2|Decoder0~141 ; out              ;
; |encoder8to3_2|encoder8to3:co2|Decoder0~142 ; |encoder8to3_2|encoder8to3:co2|Decoder0~142 ; out              ;
; |encoder8to3_2|encoder8to3:co2|Decoder0~143 ; |encoder8to3_2|encoder8to3:co2|Decoder0~143 ; out              ;
; |encoder8to3_2|encoder8to3:co2|Decoder0~144 ; |encoder8to3_2|encoder8to3:co2|Decoder0~144 ; out              ;
; |encoder8to3_2|encoder8to3:co2|Decoder0~145 ; |encoder8to3_2|encoder8to3:co2|Decoder0~145 ; out              ;
; |encoder8to3_2|encoder8to3:co2|Decoder0~146 ; |encoder8to3_2|encoder8to3:co2|Decoder0~146 ; out              ;
; |encoder8to3_2|encoder8to3:co2|Decoder0~147 ; |encoder8to3_2|encoder8to3:co2|Decoder0~147 ; out              ;
; |encoder8to3_2|encoder8to3:co2|Decoder0~148 ; |encoder8to3_2|encoder8to3:co2|Decoder0~148 ; out              ;
; |encoder8to3_2|encoder8to3:co2|Decoder0~149 ; |encoder8to3_2|encoder8to3:co2|Decoder0~149 ; out              ;
; |encoder8to3_2|encoder8to3:co2|Decoder0~150 ; |encoder8to3_2|encoder8to3:co2|Decoder0~150 ; out              ;
; |encoder8to3_2|encoder8to3:co2|Decoder0~151 ; |encoder8to3_2|encoder8to3:co2|Decoder0~151 ; out              ;
; |encoder8to3_2|encoder8to3:co2|Decoder0~152 ; |encoder8to3_2|encoder8to3:co2|Decoder0~152 ; out              ;
; |encoder8to3_2|encoder8to3:co2|Decoder0~153 ; |encoder8to3_2|encoder8to3:co2|Decoder0~153 ; out              ;
; |encoder8to3_2|encoder8to3:co2|Decoder0~154 ; |encoder8to3_2|encoder8to3:co2|Decoder0~154 ; out              ;
; |encoder8to3_2|encoder8to3:co2|Decoder0~155 ; |encoder8to3_2|encoder8to3:co2|Decoder0~155 ; out              ;
; |encoder8to3_2|encoder8to3:co2|Decoder0~156 ; |encoder8to3_2|encoder8to3:co2|Decoder0~156 ; out              ;
; |encoder8to3_2|encoder8to3:co2|Decoder0~157 ; |encoder8to3_2|encoder8to3:co2|Decoder0~157 ; out              ;
; |encoder8to3_2|encoder8to3:co2|Decoder0~158 ; |encoder8to3_2|encoder8to3:co2|Decoder0~158 ; out              ;
; |encoder8to3_2|encoder8to3:co2|Decoder0~159 ; |encoder8to3_2|encoder8to3:co2|Decoder0~159 ; out              ;
; |encoder8to3_2|encoder8to3:co2|Decoder0~161 ; |encoder8to3_2|encoder8to3:co2|Decoder0~161 ; out              ;
; |encoder8to3_2|encoder8to3:co2|Decoder0~162 ; |encoder8to3_2|encoder8to3:co2|Decoder0~162 ; out              ;
; |encoder8to3_2|encoder8to3:co2|Decoder0~163 ; |encoder8to3_2|encoder8to3:co2|Decoder0~163 ; out              ;
; |encoder8to3_2|encoder8to3:co2|Decoder0~164 ; |encoder8to3_2|encoder8to3:co2|Decoder0~164 ; out              ;
; |encoder8to3_2|encoder8to3:co2|Decoder0~165 ; |encoder8to3_2|encoder8to3:co2|Decoder0~165 ; out              ;
; |encoder8to3_2|encoder8to3:co2|Decoder0~166 ; |encoder8to3_2|encoder8to3:co2|Decoder0~166 ; out              ;
; |encoder8to3_2|encoder8to3:co2|Decoder0~167 ; |encoder8to3_2|encoder8to3:co2|Decoder0~167 ; out              ;
; |encoder8to3_2|encoder8to3:co2|Decoder0~168 ; |encoder8to3_2|encoder8to3:co2|Decoder0~168 ; out              ;
; |encoder8to3_2|encoder8to3:co2|Decoder0~169 ; |encoder8to3_2|encoder8to3:co2|Decoder0~169 ; out              ;
; |encoder8to3_2|encoder8to3:co2|Decoder0~170 ; |encoder8to3_2|encoder8to3:co2|Decoder0~170 ; out              ;
; |encoder8to3_2|encoder8to3:co2|Decoder0~171 ; |encoder8to3_2|encoder8to3:co2|Decoder0~171 ; out              ;
; |encoder8to3_2|encoder8to3:co2|Decoder0~172 ; |encoder8to3_2|encoder8to3:co2|Decoder0~172 ; out              ;
; |encoder8to3_2|encoder8to3:co2|Decoder0~173 ; |encoder8to3_2|encoder8to3:co2|Decoder0~173 ; out              ;
; |encoder8to3_2|encoder8to3:co2|Decoder0~174 ; |encoder8to3_2|encoder8to3:co2|Decoder0~174 ; out              ;
; |encoder8to3_2|encoder8to3:co2|Decoder0~175 ; |encoder8to3_2|encoder8to3:co2|Decoder0~175 ; out              ;
; |encoder8to3_2|encoder8to3:co2|Decoder0~177 ; |encoder8to3_2|encoder8to3:co2|Decoder0~177 ; out              ;
; |encoder8to3_2|encoder8to3:co2|Decoder0~178 ; |encoder8to3_2|encoder8to3:co2|Decoder0~178 ; out              ;
; |encoder8to3_2|encoder8to3:co2|Decoder0~179 ; |encoder8to3_2|encoder8to3:co2|Decoder0~179 ; out              ;
; |encoder8to3_2|encoder8to3:co2|Decoder0~180 ; |encoder8to3_2|encoder8to3:co2|Decoder0~180 ; out              ;
; |encoder8to3_2|encoder8to3:co2|Decoder0~181 ; |encoder8to3_2|encoder8to3:co2|Decoder0~181 ; out              ;
; |encoder8to3_2|encoder8to3:co2|Decoder0~182 ; |encoder8to3_2|encoder8to3:co2|Decoder0~182 ; out              ;
; |encoder8to3_2|encoder8to3:co2|Decoder0~183 ; |encoder8to3_2|encoder8to3:co2|Decoder0~183 ; out              ;
; |encoder8to3_2|encoder8to3:co2|Decoder0~185 ; |encoder8to3_2|encoder8to3:co2|Decoder0~185 ; out              ;
; |encoder8to3_2|encoder8to3:co2|Decoder0~186 ; |encoder8to3_2|encoder8to3:co2|Decoder0~186 ; out              ;
; |encoder8to3_2|encoder8to3:co2|Decoder0~187 ; |encoder8to3_2|encoder8to3:co2|Decoder0~187 ; out              ;
; |encoder8to3_2|encoder8to3:co2|Decoder0~189 ; |encoder8to3_2|encoder8to3:co2|Decoder0~189 ; out              ;
; |encoder8to3_2|encoder8to3:co1|Decoder0~1   ; |encoder8to3_2|encoder8to3:co1|Decoder0~1   ; out0             ;
; |encoder8to3_2|encoder8to3:co1|Decoder0~2   ; |encoder8to3_2|encoder8to3:co1|Decoder0~2   ; out0             ;
; |encoder8to3_2|encoder8to3:co1|Decoder0~3   ; |encoder8to3_2|encoder8to3:co1|Decoder0~3   ; out0             ;
; |encoder8to3_2|encoder8to3:co1|Decoder0~4   ; |encoder8to3_2|encoder8to3:co1|Decoder0~4   ; out0             ;
; |encoder8to3_2|encoder8to3:co1|Decoder0~5   ; |encoder8to3_2|encoder8to3:co1|Decoder0~5   ; out0             ;
; |encoder8to3_2|encoder8to3:co1|Decoder0~6   ; |encoder8to3_2|encoder8to3:co1|Decoder0~6   ; out0             ;
; |encoder8to3_2|encoder8to3:co1|Decoder0~7   ; |encoder8to3_2|encoder8to3:co1|Decoder0~7   ; out0             ;
; |encoder8to3_2|encoder8to3:co1|Decoder0~8   ; |encoder8to3_2|encoder8to3:co1|Decoder0~8   ; out0             ;
; |encoder8to3_2|encoder8to3:co1|Decoder0~9   ; |encoder8to3_2|encoder8to3:co1|Decoder0~9   ; out0             ;
; |encoder8to3_2|encoder8to3:co1|Decoder0~10  ; |encoder8to3_2|encoder8to3:co1|Decoder0~10  ; out0             ;
; |encoder8to3_2|encoder8to3:co1|Decoder0~11  ; |encoder8to3_2|encoder8to3:co1|Decoder0~11  ; out0             ;
; |encoder8to3_2|encoder8to3:co1|Decoder0~12  ; |encoder8to3_2|encoder8to3:co1|Decoder0~12  ; out0             ;
; |encoder8to3_2|encoder8to3:co1|Decoder0~13  ; |encoder8to3_2|encoder8to3:co1|Decoder0~13  ; out0             ;
; |encoder8to3_2|encoder8to3:co1|Decoder0~14  ; |encoder8to3_2|encoder8to3:co1|Decoder0~14  ; out0             ;
; |encoder8to3_2|encoder8to3:co1|Decoder0~15  ; |encoder8to3_2|encoder8to3:co1|Decoder0~15  ; out0             ;
; |encoder8to3_2|encoder8to3:co1|Decoder0~16  ; |encoder8to3_2|encoder8to3:co1|Decoder0~16  ; out0             ;
; |encoder8to3_2|encoder8to3:co1|Decoder0~17  ; |encoder8to3_2|encoder8to3:co1|Decoder0~17  ; out0             ;
; |encoder8to3_2|encoder8to3:co1|Decoder0~18  ; |encoder8to3_2|encoder8to3:co1|Decoder0~18  ; out0             ;
; |encoder8to3_2|encoder8to3:co1|Decoder0~19  ; |encoder8to3_2|encoder8to3:co1|Decoder0~19  ; out0             ;
; |encoder8to3_2|encoder8to3:co1|Decoder0~20  ; |encoder8to3_2|encoder8to3:co1|Decoder0~20  ; out0             ;
; |encoder8to3_2|encoder8to3:co1|Decoder0~21  ; |encoder8to3_2|encoder8to3:co1|Decoder0~21  ; out0             ;
; |encoder8to3_2|encoder8to3:co1|Decoder0~22  ; |encoder8to3_2|encoder8to3:co1|Decoder0~22  ; out0             ;
; |encoder8to3_2|encoder8to3:co1|Decoder0~23  ; |encoder8to3_2|encoder8to3:co1|Decoder0~23  ; out0             ;
; |encoder8to3_2|encoder8to3:co1|Decoder0~24  ; |encoder8to3_2|encoder8to3:co1|Decoder0~24  ; out0             ;
; |encoder8to3_2|encoder8to3:co1|Decoder0~25  ; |encoder8to3_2|encoder8to3:co1|Decoder0~25  ; out0             ;
; |encoder8to3_2|encoder8to3:co1|Decoder0~26  ; |encoder8to3_2|encoder8to3:co1|Decoder0~26  ; out0             ;
; |encoder8to3_2|encoder8to3:co1|Decoder0~27  ; |encoder8to3_2|encoder8to3:co1|Decoder0~27  ; out0             ;
; |encoder8to3_2|encoder8to3:co1|Decoder0~28  ; |encoder8to3_2|encoder8to3:co1|Decoder0~28  ; out0             ;
; |encoder8to3_2|encoder8to3:co1|Decoder0~29  ; |encoder8to3_2|encoder8to3:co1|Decoder0~29  ; out0             ;
; |encoder8to3_2|encoder8to3:co1|Decoder0~30  ; |encoder8to3_2|encoder8to3:co1|Decoder0~30  ; out0             ;
; |encoder8to3_2|encoder8to3:co1|Decoder0~31  ; |encoder8to3_2|encoder8to3:co1|Decoder0~31  ; out0             ;
; |encoder8to3_2|encoder8to3:co1|Decoder0~32  ; |encoder8to3_2|encoder8to3:co1|Decoder0~32  ; out0             ;
; |encoder8to3_2|encoder8to3:co1|Decoder0~33  ; |encoder8to3_2|encoder8to3:co1|Decoder0~33  ; out0             ;
; |encoder8to3_2|encoder8to3:co1|Decoder0~34  ; |encoder8to3_2|encoder8to3:co1|Decoder0~34  ; out0             ;
; |encoder8to3_2|encoder8to3:co1|Decoder0~35  ; |encoder8to3_2|encoder8to3:co1|Decoder0~35  ; out0             ;
; |encoder8to3_2|encoder8to3:co1|Decoder0~36  ; |encoder8to3_2|encoder8to3:co1|Decoder0~36  ; out0             ;
; |encoder8to3_2|encoder8to3:co1|Decoder0~37  ; |encoder8to3_2|encoder8to3:co1|Decoder0~37  ; out0             ;
; |encoder8to3_2|encoder8to3:co1|Decoder0~38  ; |encoder8to3_2|encoder8to3:co1|Decoder0~38  ; out0             ;
; |encoder8to3_2|encoder8to3:co1|Decoder0~39  ; |encoder8to3_2|encoder8to3:co1|Decoder0~39  ; out0             ;
; |encoder8to3_2|encoder8to3:co1|Decoder0~40  ; |encoder8to3_2|encoder8to3:co1|Decoder0~40  ; out0             ;
; |encoder8to3_2|encoder8to3:co1|Decoder0~41  ; |encoder8to3_2|encoder8to3:co1|Decoder0~41  ; out0             ;
; |encoder8to3_2|encoder8to3:co1|Decoder0~42  ; |encoder8to3_2|encoder8to3:co1|Decoder0~42  ; out0             ;
; |encoder8to3_2|encoder8to3:co1|Decoder0~43  ; |encoder8to3_2|encoder8to3:co1|Decoder0~43  ; out0             ;
; |encoder8to3_2|encoder8to3:co1|Decoder0~44  ; |encoder8to3_2|encoder8to3:co1|Decoder0~44  ; out0             ;
; |encoder8to3_2|encoder8to3:co1|Decoder0~45  ; |encoder8to3_2|encoder8to3:co1|Decoder0~45  ; out0             ;
; |encoder8to3_2|encoder8to3:co1|Decoder0~46  ; |encoder8to3_2|encoder8to3:co1|Decoder0~46  ; out0             ;
; |encoder8to3_2|encoder8to3:co1|Decoder0~47  ; |encoder8to3_2|encoder8to3:co1|Decoder0~47  ; out0             ;
; |encoder8to3_2|encoder8to3:co1|Decoder0~48  ; |encoder8to3_2|encoder8to3:co1|Decoder0~48  ; out0             ;
; |encoder8to3_2|encoder8to3:co1|Decoder0~49  ; |encoder8to3_2|encoder8to3:co1|Decoder0~49  ; out0             ;
; |encoder8to3_2|encoder8to3:co1|Decoder0~50  ; |encoder8to3_2|encoder8to3:co1|Decoder0~50  ; out0             ;
; |encoder8to3_2|encoder8to3:co1|Decoder0~51  ; |encoder8to3_2|encoder8to3:co1|Decoder0~51  ; out0             ;
; |encoder8to3_2|encoder8to3:co1|Decoder0~52  ; |encoder8to3_2|encoder8to3:co1|Decoder0~52  ; out0             ;
; |encoder8to3_2|encoder8to3:co1|Decoder0~53  ; |encoder8to3_2|encoder8to3:co1|Decoder0~53  ; out0             ;
; |encoder8to3_2|encoder8to3:co1|Decoder0~54  ; |encoder8to3_2|encoder8to3:co1|Decoder0~54  ; out0             ;
; |encoder8to3_2|encoder8to3:co1|Decoder0~55  ; |encoder8to3_2|encoder8to3:co1|Decoder0~55  ; out0             ;
; |encoder8to3_2|encoder8to3:co1|Decoder0~56  ; |encoder8to3_2|encoder8to3:co1|Decoder0~56  ; out0             ;
; |encoder8to3_2|encoder8to3:co1|Decoder0~57  ; |encoder8to3_2|encoder8to3:co1|Decoder0~57  ; out0             ;
; |encoder8to3_2|encoder8to3:co1|Decoder0~58  ; |encoder8to3_2|encoder8to3:co1|Decoder0~58  ; out0             ;
; |encoder8to3_2|encoder8to3:co1|Decoder0~59  ; |encoder8to3_2|encoder8to3:co1|Decoder0~59  ; out0             ;
; |encoder8to3_2|encoder8to3:co1|Decoder0~60  ; |encoder8to3_2|encoder8to3:co1|Decoder0~60  ; out0             ;
; |encoder8to3_2|encoder8to3:co1|Decoder0~61  ; |encoder8to3_2|encoder8to3:co1|Decoder0~61  ; out0             ;
; |encoder8to3_2|encoder8to3:co1|Decoder0~62  ; |encoder8to3_2|encoder8to3:co1|Decoder0~62  ; out0             ;
; |encoder8to3_2|encoder8to3:co1|Decoder0~63  ; |encoder8to3_2|encoder8to3:co1|Decoder0~63  ; out0             ;
; |encoder8to3_2|encoder8to3:co1|Decoder0~65  ; |encoder8to3_2|encoder8to3:co1|Decoder0~65  ; out0             ;
; |encoder8to3_2|encoder8to3:co1|Decoder0~66  ; |encoder8to3_2|encoder8to3:co1|Decoder0~66  ; out0             ;
; |encoder8to3_2|encoder8to3:co1|Decoder0~67  ; |encoder8to3_2|encoder8to3:co1|Decoder0~67  ; out0             ;
; |encoder8to3_2|encoder8to3:co1|Decoder0~68  ; |encoder8to3_2|encoder8to3:co1|Decoder0~68  ; out0             ;
; |encoder8to3_2|encoder8to3:co1|Decoder0~69  ; |encoder8to3_2|encoder8to3:co1|Decoder0~69  ; out0             ;
; |encoder8to3_2|encoder8to3:co1|Decoder0~70  ; |encoder8to3_2|encoder8to3:co1|Decoder0~70  ; out0             ;
; |encoder8to3_2|encoder8to3:co1|Decoder0~71  ; |encoder8to3_2|encoder8to3:co1|Decoder0~71  ; out0             ;
; |encoder8to3_2|encoder8to3:co1|Decoder0~72  ; |encoder8to3_2|encoder8to3:co1|Decoder0~72  ; out0             ;
; |encoder8to3_2|encoder8to3:co1|Decoder0~73  ; |encoder8to3_2|encoder8to3:co1|Decoder0~73  ; out0             ;
; |encoder8to3_2|encoder8to3:co1|Decoder0~74  ; |encoder8to3_2|encoder8to3:co1|Decoder0~74  ; out0             ;
; |encoder8to3_2|encoder8to3:co1|Decoder0~75  ; |encoder8to3_2|encoder8to3:co1|Decoder0~75  ; out0             ;
; |encoder8to3_2|encoder8to3:co1|Decoder0~76  ; |encoder8to3_2|encoder8to3:co1|Decoder0~76  ; out0             ;
; |encoder8to3_2|encoder8to3:co1|Decoder0~77  ; |encoder8to3_2|encoder8to3:co1|Decoder0~77  ; out0             ;
; |encoder8to3_2|encoder8to3:co1|Decoder0~78  ; |encoder8to3_2|encoder8to3:co1|Decoder0~78  ; out0             ;
; |encoder8to3_2|encoder8to3:co1|Decoder0~79  ; |encoder8to3_2|encoder8to3:co1|Decoder0~79  ; out0             ;
; |encoder8to3_2|encoder8to3:co1|Decoder0~80  ; |encoder8to3_2|encoder8to3:co1|Decoder0~80  ; out0             ;
; |encoder8to3_2|encoder8to3:co1|Decoder0~81  ; |encoder8to3_2|encoder8to3:co1|Decoder0~81  ; out0             ;
; |encoder8to3_2|encoder8to3:co1|Decoder0~82  ; |encoder8to3_2|encoder8to3:co1|Decoder0~82  ; out0             ;
; |encoder8to3_2|encoder8to3:co1|Decoder0~83  ; |encoder8to3_2|encoder8to3:co1|Decoder0~83  ; out0             ;
; |encoder8to3_2|encoder8to3:co1|Decoder0~84  ; |encoder8to3_2|encoder8to3:co1|Decoder0~84  ; out0             ;
; |encoder8to3_2|encoder8to3:co1|Decoder0~85  ; |encoder8to3_2|encoder8to3:co1|Decoder0~85  ; out0             ;
; |encoder8to3_2|encoder8to3:co1|Decoder0~86  ; |encoder8to3_2|encoder8to3:co1|Decoder0~86  ; out0             ;
; |encoder8to3_2|encoder8to3:co1|Decoder0~87  ; |encoder8to3_2|encoder8to3:co1|Decoder0~87  ; out0             ;
; |encoder8to3_2|encoder8to3:co1|Decoder0~88  ; |encoder8to3_2|encoder8to3:co1|Decoder0~88  ; out0             ;
; |encoder8to3_2|encoder8to3:co1|Decoder0~89  ; |encoder8to3_2|encoder8to3:co1|Decoder0~89  ; out0             ;
; |encoder8to3_2|encoder8to3:co1|Decoder0~90  ; |encoder8to3_2|encoder8to3:co1|Decoder0~90  ; out0             ;
; |encoder8to3_2|encoder8to3:co1|Decoder0~91  ; |encoder8to3_2|encoder8to3:co1|Decoder0~91  ; out0             ;
; |encoder8to3_2|encoder8to3:co1|Decoder0~92  ; |encoder8to3_2|encoder8to3:co1|Decoder0~92  ; out0             ;
; |encoder8to3_2|encoder8to3:co1|Decoder0~93  ; |encoder8to3_2|encoder8to3:co1|Decoder0~93  ; out0             ;
; |encoder8to3_2|encoder8to3:co1|Decoder0~94  ; |encoder8to3_2|encoder8to3:co1|Decoder0~94  ; out0             ;
; |encoder8to3_2|encoder8to3:co1|Decoder0~95  ; |encoder8to3_2|encoder8to3:co1|Decoder0~95  ; out0             ;
; |encoder8to3_2|encoder8to3:co1|Decoder0~97  ; |encoder8to3_2|encoder8to3:co1|Decoder0~97  ; out0             ;
; |encoder8to3_2|encoder8to3:co1|Decoder0~98  ; |encoder8to3_2|encoder8to3:co1|Decoder0~98  ; out0             ;
; |encoder8to3_2|encoder8to3:co1|Decoder0~99  ; |encoder8to3_2|encoder8to3:co1|Decoder0~99  ; out0             ;
; |encoder8to3_2|encoder8to3:co1|Decoder0~100 ; |encoder8to3_2|encoder8to3:co1|Decoder0~100 ; out0             ;
; |encoder8to3_2|encoder8to3:co1|Decoder0~101 ; |encoder8to3_2|encoder8to3:co1|Decoder0~101 ; out0             ;
; |encoder8to3_2|encoder8to3:co1|Decoder0~102 ; |encoder8to3_2|encoder8to3:co1|Decoder0~102 ; out0             ;
; |encoder8to3_2|encoder8to3:co1|Decoder0~103 ; |encoder8to3_2|encoder8to3:co1|Decoder0~103 ; out0             ;
; |encoder8to3_2|encoder8to3:co1|Decoder0~104 ; |encoder8to3_2|encoder8to3:co1|Decoder0~104 ; out0             ;
; |encoder8to3_2|encoder8to3:co1|Decoder0~105 ; |encoder8to3_2|encoder8to3:co1|Decoder0~105 ; out0             ;
; |encoder8to3_2|encoder8to3:co1|Decoder0~106 ; |encoder8to3_2|encoder8to3:co1|Decoder0~106 ; out0             ;
; |encoder8to3_2|encoder8to3:co1|Decoder0~107 ; |encoder8to3_2|encoder8to3:co1|Decoder0~107 ; out0             ;
; |encoder8to3_2|encoder8to3:co1|Decoder0~108 ; |encoder8to3_2|encoder8to3:co1|Decoder0~108 ; out0             ;
; |encoder8to3_2|encoder8to3:co1|Decoder0~109 ; |encoder8to3_2|encoder8to3:co1|Decoder0~109 ; out0             ;
; |encoder8to3_2|encoder8to3:co1|Decoder0~110 ; |encoder8to3_2|encoder8to3:co1|Decoder0~110 ; out0             ;
; |encoder8to3_2|encoder8to3:co1|Decoder0~111 ; |encoder8to3_2|encoder8to3:co1|Decoder0~111 ; out0             ;
; |encoder8to3_2|encoder8to3:co1|Decoder0~113 ; |encoder8to3_2|encoder8to3:co1|Decoder0~113 ; out0             ;
; |encoder8to3_2|encoder8to3:co1|Decoder0~114 ; |encoder8to3_2|encoder8to3:co1|Decoder0~114 ; out0             ;
; |encoder8to3_2|encoder8to3:co1|Decoder0~115 ; |encoder8to3_2|encoder8to3:co1|Decoder0~115 ; out0             ;
; |encoder8to3_2|encoder8to3:co1|Decoder0~116 ; |encoder8to3_2|encoder8to3:co1|Decoder0~116 ; out0             ;
; |encoder8to3_2|encoder8to3:co1|Decoder0~117 ; |encoder8to3_2|encoder8to3:co1|Decoder0~117 ; out0             ;
; |encoder8to3_2|encoder8to3:co1|Decoder0~118 ; |encoder8to3_2|encoder8to3:co1|Decoder0~118 ; out0             ;
; |encoder8to3_2|encoder8to3:co1|Decoder0~119 ; |encoder8to3_2|encoder8to3:co1|Decoder0~119 ; out0             ;
; |encoder8to3_2|encoder8to3:co1|Decoder0~121 ; |encoder8to3_2|encoder8to3:co1|Decoder0~121 ; out0             ;
; |encoder8to3_2|encoder8to3:co1|Decoder0~122 ; |encoder8to3_2|encoder8to3:co1|Decoder0~122 ; out0             ;
; |encoder8to3_2|encoder8to3:co1|Decoder0~123 ; |encoder8to3_2|encoder8to3:co1|Decoder0~123 ; out0             ;
; |encoder8to3_2|encoder8to3:co1|Decoder0~125 ; |encoder8to3_2|encoder8to3:co1|Decoder0~125 ; out0             ;
; |encoder8to3_2|encoder8to3:co1|Decoder0~129 ; |encoder8to3_2|encoder8to3:co1|Decoder0~129 ; out              ;
; |encoder8to3_2|encoder8to3:co1|Decoder0~130 ; |encoder8to3_2|encoder8to3:co1|Decoder0~130 ; out              ;
; |encoder8to3_2|encoder8to3:co1|Decoder0~131 ; |encoder8to3_2|encoder8to3:co1|Decoder0~131 ; out              ;
; |encoder8to3_2|encoder8to3:co1|Decoder0~132 ; |encoder8to3_2|encoder8to3:co1|Decoder0~132 ; out              ;
; |encoder8to3_2|encoder8to3:co1|Decoder0~133 ; |encoder8to3_2|encoder8to3:co1|Decoder0~133 ; out              ;
; |encoder8to3_2|encoder8to3:co1|Decoder0~134 ; |encoder8to3_2|encoder8to3:co1|Decoder0~134 ; out              ;
; |encoder8to3_2|encoder8to3:co1|Decoder0~135 ; |encoder8to3_2|encoder8to3:co1|Decoder0~135 ; out              ;
; |encoder8to3_2|encoder8to3:co1|Decoder0~136 ; |encoder8to3_2|encoder8to3:co1|Decoder0~136 ; out              ;
; |encoder8to3_2|encoder8to3:co1|Decoder0~137 ; |encoder8to3_2|encoder8to3:co1|Decoder0~137 ; out              ;
; |encoder8to3_2|encoder8to3:co1|Decoder0~138 ; |encoder8to3_2|encoder8to3:co1|Decoder0~138 ; out              ;
; |encoder8to3_2|encoder8to3:co1|Decoder0~139 ; |encoder8to3_2|encoder8to3:co1|Decoder0~139 ; out              ;
; |encoder8to3_2|encoder8to3:co1|Decoder0~140 ; |encoder8to3_2|encoder8to3:co1|Decoder0~140 ; out              ;
; |encoder8to3_2|encoder8to3:co1|Decoder0~141 ; |encoder8to3_2|encoder8to3:co1|Decoder0~141 ; out              ;
; |encoder8to3_2|encoder8to3:co1|Decoder0~142 ; |encoder8to3_2|encoder8to3:co1|Decoder0~142 ; out              ;
; |encoder8to3_2|encoder8to3:co1|Decoder0~143 ; |encoder8to3_2|encoder8to3:co1|Decoder0~143 ; out              ;
; |encoder8to3_2|encoder8to3:co1|Decoder0~144 ; |encoder8to3_2|encoder8to3:co1|Decoder0~144 ; out              ;
; |encoder8to3_2|encoder8to3:co1|Decoder0~145 ; |encoder8to3_2|encoder8to3:co1|Decoder0~145 ; out              ;
; |encoder8to3_2|encoder8to3:co1|Decoder0~146 ; |encoder8to3_2|encoder8to3:co1|Decoder0~146 ; out              ;
; |encoder8to3_2|encoder8to3:co1|Decoder0~147 ; |encoder8to3_2|encoder8to3:co1|Decoder0~147 ; out              ;
; |encoder8to3_2|encoder8to3:co1|Decoder0~148 ; |encoder8to3_2|encoder8to3:co1|Decoder0~148 ; out              ;
; |encoder8to3_2|encoder8to3:co1|Decoder0~149 ; |encoder8to3_2|encoder8to3:co1|Decoder0~149 ; out              ;
; |encoder8to3_2|encoder8to3:co1|Decoder0~150 ; |encoder8to3_2|encoder8to3:co1|Decoder0~150 ; out              ;
; |encoder8to3_2|encoder8to3:co1|Decoder0~151 ; |encoder8to3_2|encoder8to3:co1|Decoder0~151 ; out              ;
; |encoder8to3_2|encoder8to3:co1|Decoder0~152 ; |encoder8to3_2|encoder8to3:co1|Decoder0~152 ; out              ;
; |encoder8to3_2|encoder8to3:co1|Decoder0~153 ; |encoder8to3_2|encoder8to3:co1|Decoder0~153 ; out              ;
; |encoder8to3_2|encoder8to3:co1|Decoder0~154 ; |encoder8to3_2|encoder8to3:co1|Decoder0~154 ; out              ;
; |encoder8to3_2|encoder8to3:co1|Decoder0~155 ; |encoder8to3_2|encoder8to3:co1|Decoder0~155 ; out              ;
; |encoder8to3_2|encoder8to3:co1|Decoder0~156 ; |encoder8to3_2|encoder8to3:co1|Decoder0~156 ; out              ;
; |encoder8to3_2|encoder8to3:co1|Decoder0~157 ; |encoder8to3_2|encoder8to3:co1|Decoder0~157 ; out              ;
; |encoder8to3_2|encoder8to3:co1|Decoder0~158 ; |encoder8to3_2|encoder8to3:co1|Decoder0~158 ; out              ;
; |encoder8to3_2|encoder8to3:co1|Decoder0~159 ; |encoder8to3_2|encoder8to3:co1|Decoder0~159 ; out              ;
; |encoder8to3_2|encoder8to3:co1|Decoder0~161 ; |encoder8to3_2|encoder8to3:co1|Decoder0~161 ; out              ;
; |encoder8to3_2|encoder8to3:co1|Decoder0~162 ; |encoder8to3_2|encoder8to3:co1|Decoder0~162 ; out              ;
; |encoder8to3_2|encoder8to3:co1|Decoder0~163 ; |encoder8to3_2|encoder8to3:co1|Decoder0~163 ; out              ;
; |encoder8to3_2|encoder8to3:co1|Decoder0~164 ; |encoder8to3_2|encoder8to3:co1|Decoder0~164 ; out              ;
; |encoder8to3_2|encoder8to3:co1|Decoder0~165 ; |encoder8to3_2|encoder8to3:co1|Decoder0~165 ; out              ;
; |encoder8to3_2|encoder8to3:co1|Decoder0~166 ; |encoder8to3_2|encoder8to3:co1|Decoder0~166 ; out              ;
; |encoder8to3_2|encoder8to3:co1|Decoder0~167 ; |encoder8to3_2|encoder8to3:co1|Decoder0~167 ; out              ;
; |encoder8to3_2|encoder8to3:co1|Decoder0~168 ; |encoder8to3_2|encoder8to3:co1|Decoder0~168 ; out              ;
; |encoder8to3_2|encoder8to3:co1|Decoder0~169 ; |encoder8to3_2|encoder8to3:co1|Decoder0~169 ; out              ;
; |encoder8to3_2|encoder8to3:co1|Decoder0~170 ; |encoder8to3_2|encoder8to3:co1|Decoder0~170 ; out              ;
; |encoder8to3_2|encoder8to3:co1|Decoder0~171 ; |encoder8to3_2|encoder8to3:co1|Decoder0~171 ; out              ;
; |encoder8to3_2|encoder8to3:co1|Decoder0~172 ; |encoder8to3_2|encoder8to3:co1|Decoder0~172 ; out              ;
; |encoder8to3_2|encoder8to3:co1|Decoder0~173 ; |encoder8to3_2|encoder8to3:co1|Decoder0~173 ; out              ;
; |encoder8to3_2|encoder8to3:co1|Decoder0~174 ; |encoder8to3_2|encoder8to3:co1|Decoder0~174 ; out              ;
; |encoder8to3_2|encoder8to3:co1|Decoder0~175 ; |encoder8to3_2|encoder8to3:co1|Decoder0~175 ; out              ;
; |encoder8to3_2|encoder8to3:co1|Decoder0~177 ; |encoder8to3_2|encoder8to3:co1|Decoder0~177 ; out              ;
; |encoder8to3_2|encoder8to3:co1|Decoder0~178 ; |encoder8to3_2|encoder8to3:co1|Decoder0~178 ; out              ;
; |encoder8to3_2|encoder8to3:co1|Decoder0~179 ; |encoder8to3_2|encoder8to3:co1|Decoder0~179 ; out              ;
; |encoder8to3_2|encoder8to3:co1|Decoder0~180 ; |encoder8to3_2|encoder8to3:co1|Decoder0~180 ; out              ;
; |encoder8to3_2|encoder8to3:co1|Decoder0~181 ; |encoder8to3_2|encoder8to3:co1|Decoder0~181 ; out              ;
; |encoder8to3_2|encoder8to3:co1|Decoder0~182 ; |encoder8to3_2|encoder8to3:co1|Decoder0~182 ; out              ;
; |encoder8to3_2|encoder8to3:co1|Decoder0~183 ; |encoder8to3_2|encoder8to3:co1|Decoder0~183 ; out              ;
; |encoder8to3_2|encoder8to3:co1|Decoder0~185 ; |encoder8to3_2|encoder8to3:co1|Decoder0~185 ; out              ;
; |encoder8to3_2|encoder8to3:co1|Decoder0~186 ; |encoder8to3_2|encoder8to3:co1|Decoder0~186 ; out              ;
; |encoder8to3_2|encoder8to3:co1|Decoder0~187 ; |encoder8to3_2|encoder8to3:co1|Decoder0~187 ; out              ;
; |encoder8to3_2|encoder8to3:co1|Decoder0~189 ; |encoder8to3_2|encoder8to3:co1|Decoder0~189 ; out              ;
+---------------------------------------------+---------------------------------------------+------------------+


The following table displays output ports that do not toggle to 0 during simulation.
+--------------------------------------------------------------------------------------------------------------+
; Missing 0-Value Coverage                                                                                     ;
+---------------------------------------------+---------------------------------------------+------------------+
; Node Name                                   ; Output Port Name                            ; Output Port Type ;
+---------------------------------------------+---------------------------------------------+------------------+
; |encoder8to3_2|encoder8to3:co2|Decoder0~1   ; |encoder8to3_2|encoder8to3:co2|Decoder0~1   ; out0             ;
; |encoder8to3_2|encoder8to3:co2|Decoder0~2   ; |encoder8to3_2|encoder8to3:co2|Decoder0~2   ; out0             ;
; |encoder8to3_2|encoder8to3:co2|Decoder0~3   ; |encoder8to3_2|encoder8to3:co2|Decoder0~3   ; out0             ;
; |encoder8to3_2|encoder8to3:co2|Decoder0~4   ; |encoder8to3_2|encoder8to3:co2|Decoder0~4   ; out0             ;
; |encoder8to3_2|encoder8to3:co2|Decoder0~5   ; |encoder8to3_2|encoder8to3:co2|Decoder0~5   ; out0             ;
; |encoder8to3_2|encoder8to3:co2|Decoder0~6   ; |encoder8to3_2|encoder8to3:co2|Decoder0~6   ; out0             ;
; |encoder8to3_2|encoder8to3:co2|Decoder0~7   ; |encoder8to3_2|encoder8to3:co2|Decoder0~7   ; out0             ;
; |encoder8to3_2|encoder8to3:co2|Decoder0~8   ; |encoder8to3_2|encoder8to3:co2|Decoder0~8   ; out0             ;
; |encoder8to3_2|encoder8to3:co2|Decoder0~9   ; |encoder8to3_2|encoder8to3:co2|Decoder0~9   ; out0             ;
; |encoder8to3_2|encoder8to3:co2|Decoder0~10  ; |encoder8to3_2|encoder8to3:co2|Decoder0~10  ; out0             ;
; |encoder8to3_2|encoder8to3:co2|Decoder0~11  ; |encoder8to3_2|encoder8to3:co2|Decoder0~11  ; out0             ;
; |encoder8to3_2|encoder8to3:co2|Decoder0~12  ; |encoder8to3_2|encoder8to3:co2|Decoder0~12  ; out0             ;
; |encoder8to3_2|encoder8to3:co2|Decoder0~13  ; |encoder8to3_2|encoder8to3:co2|Decoder0~13  ; out0             ;
; |encoder8to3_2|encoder8to3:co2|Decoder0~14  ; |encoder8to3_2|encoder8to3:co2|Decoder0~14  ; out0             ;
; |encoder8to3_2|encoder8to3:co2|Decoder0~15  ; |encoder8to3_2|encoder8to3:co2|Decoder0~15  ; out0             ;
; |encoder8to3_2|encoder8to3:co2|Decoder0~16  ; |encoder8to3_2|encoder8to3:co2|Decoder0~16  ; out0             ;
; |encoder8to3_2|encoder8to3:co2|Decoder0~17  ; |encoder8to3_2|encoder8to3:co2|Decoder0~17  ; out0             ;
; |encoder8to3_2|encoder8to3:co2|Decoder0~18  ; |encoder8to3_2|encoder8to3:co2|Decoder0~18  ; out0             ;
; |encoder8to3_2|encoder8to3:co2|Decoder0~19  ; |encoder8to3_2|encoder8to3:co2|Decoder0~19  ; out0             ;
; |encoder8to3_2|encoder8to3:co2|Decoder0~20  ; |encoder8to3_2|encoder8to3:co2|Decoder0~20  ; out0             ;
; |encoder8to3_2|encoder8to3:co2|Decoder0~21  ; |encoder8to3_2|encoder8to3:co2|Decoder0~21  ; out0             ;
; |encoder8to3_2|encoder8to3:co2|Decoder0~22  ; |encoder8to3_2|encoder8to3:co2|Decoder0~22  ; out0             ;
; |encoder8to3_2|encoder8to3:co2|Decoder0~23  ; |encoder8to3_2|encoder8to3:co2|Decoder0~23  ; out0             ;
; |encoder8to3_2|encoder8to3:co2|Decoder0~24  ; |encoder8to3_2|encoder8to3:co2|Decoder0~24  ; out0             ;
; |encoder8to3_2|encoder8to3:co2|Decoder0~25  ; |encoder8to3_2|encoder8to3:co2|Decoder0~25  ; out0             ;
; |encoder8to3_2|encoder8to3:co2|Decoder0~26  ; |encoder8to3_2|encoder8to3:co2|Decoder0~26  ; out0             ;
; |encoder8to3_2|encoder8to3:co2|Decoder0~27  ; |encoder8to3_2|encoder8to3:co2|Decoder0~27  ; out0             ;
; |encoder8to3_2|encoder8to3:co2|Decoder0~28  ; |encoder8to3_2|encoder8to3:co2|Decoder0~28  ; out0             ;
; |encoder8to3_2|encoder8to3:co2|Decoder0~29  ; |encoder8to3_2|encoder8to3:co2|Decoder0~29  ; out0             ;
; |encoder8to3_2|encoder8to3:co2|Decoder0~30  ; |encoder8to3_2|encoder8to3:co2|Decoder0~30  ; out0             ;
; |encoder8to3_2|encoder8to3:co2|Decoder0~31  ; |encoder8to3_2|encoder8to3:co2|Decoder0~31  ; out0             ;
; |encoder8to3_2|encoder8to3:co2|Decoder0~32  ; |encoder8to3_2|encoder8to3:co2|Decoder0~32  ; out0             ;
; |encoder8to3_2|encoder8to3:co2|Decoder0~33  ; |encoder8to3_2|encoder8to3:co2|Decoder0~33  ; out0             ;
; |encoder8to3_2|encoder8to3:co2|Decoder0~34  ; |encoder8to3_2|encoder8to3:co2|Decoder0~34  ; out0             ;
; |encoder8to3_2|encoder8to3:co2|Decoder0~35  ; |encoder8to3_2|encoder8to3:co2|Decoder0~35  ; out0             ;
; |encoder8to3_2|encoder8to3:co2|Decoder0~36  ; |encoder8to3_2|encoder8to3:co2|Decoder0~36  ; out0             ;
; |encoder8to3_2|encoder8to3:co2|Decoder0~37  ; |encoder8to3_2|encoder8to3:co2|Decoder0~37  ; out0             ;
; |encoder8to3_2|encoder8to3:co2|Decoder0~38  ; |encoder8to3_2|encoder8to3:co2|Decoder0~38  ; out0             ;
; |encoder8to3_2|encoder8to3:co2|Decoder0~39  ; |encoder8to3_2|encoder8to3:co2|Decoder0~39  ; out0             ;
; |encoder8to3_2|encoder8to3:co2|Decoder0~40  ; |encoder8to3_2|encoder8to3:co2|Decoder0~40  ; out0             ;
; |encoder8to3_2|encoder8to3:co2|Decoder0~41  ; |encoder8to3_2|encoder8to3:co2|Decoder0~41  ; out0             ;
; |encoder8to3_2|encoder8to3:co2|Decoder0~42  ; |encoder8to3_2|encoder8to3:co2|Decoder0~42  ; out0             ;
; |encoder8to3_2|encoder8to3:co2|Decoder0~43  ; |encoder8to3_2|encoder8to3:co2|Decoder0~43  ; out0             ;
; |encoder8to3_2|encoder8to3:co2|Decoder0~44  ; |encoder8to3_2|encoder8to3:co2|Decoder0~44  ; out0             ;
; |encoder8to3_2|encoder8to3:co2|Decoder0~45  ; |encoder8to3_2|encoder8to3:co2|Decoder0~45  ; out0             ;
; |encoder8to3_2|encoder8to3:co2|Decoder0~46  ; |encoder8to3_2|encoder8to3:co2|Decoder0~46  ; out0             ;
; |encoder8to3_2|encoder8to3:co2|Decoder0~47  ; |encoder8to3_2|encoder8to3:co2|Decoder0~47  ; out0             ;
; |encoder8to3_2|encoder8to3:co2|Decoder0~48  ; |encoder8to3_2|encoder8to3:co2|Decoder0~48  ; out0             ;
; |encoder8to3_2|encoder8to3:co2|Decoder0~49  ; |encoder8to3_2|encoder8to3:co2|Decoder0~49  ; out0             ;
; |encoder8to3_2|encoder8to3:co2|Decoder0~50  ; |encoder8to3_2|encoder8to3:co2|Decoder0~50  ; out0             ;
; |encoder8to3_2|encoder8to3:co2|Decoder0~51  ; |encoder8to3_2|encoder8to3:co2|Decoder0~51  ; out0             ;
; |encoder8to3_2|encoder8to3:co2|Decoder0~52  ; |encoder8to3_2|encoder8to3:co2|Decoder0~52  ; out0             ;
; |encoder8to3_2|encoder8to3:co2|Decoder0~53  ; |encoder8to3_2|encoder8to3:co2|Decoder0~53  ; out0             ;
; |encoder8to3_2|encoder8to3:co2|Decoder0~54  ; |encoder8to3_2|encoder8to3:co2|Decoder0~54  ; out0             ;
; |encoder8to3_2|encoder8to3:co2|Decoder0~55  ; |encoder8to3_2|encoder8to3:co2|Decoder0~55  ; out0             ;
; |encoder8to3_2|encoder8to3:co2|Decoder0~56  ; |encoder8to3_2|encoder8to3:co2|Decoder0~56  ; out0             ;
; |encoder8to3_2|encoder8to3:co2|Decoder0~57  ; |encoder8to3_2|encoder8to3:co2|Decoder0~57  ; out0             ;
; |encoder8to3_2|encoder8to3:co2|Decoder0~58  ; |encoder8to3_2|encoder8to3:co2|Decoder0~58  ; out0             ;
; |encoder8to3_2|encoder8to3:co2|Decoder0~59  ; |encoder8to3_2|encoder8to3:co2|Decoder0~59  ; out0             ;
; |encoder8to3_2|encoder8to3:co2|Decoder0~60  ; |encoder8to3_2|encoder8to3:co2|Decoder0~60  ; out0             ;
; |encoder8to3_2|encoder8to3:co2|Decoder0~61  ; |encoder8to3_2|encoder8to3:co2|Decoder0~61  ; out0             ;
; |encoder8to3_2|encoder8to3:co2|Decoder0~62  ; |encoder8to3_2|encoder8to3:co2|Decoder0~62  ; out0             ;
; |encoder8to3_2|encoder8to3:co2|Decoder0~63  ; |encoder8to3_2|encoder8to3:co2|Decoder0~63  ; out0             ;
; |encoder8to3_2|encoder8to3:co2|Decoder0~65  ; |encoder8to3_2|encoder8to3:co2|Decoder0~65  ; out0             ;
; |encoder8to3_2|encoder8to3:co2|Decoder0~66  ; |encoder8to3_2|encoder8to3:co2|Decoder0~66  ; out0             ;
; |encoder8to3_2|encoder8to3:co2|Decoder0~67  ; |encoder8to3_2|encoder8to3:co2|Decoder0~67  ; out0             ;
; |encoder8to3_2|encoder8to3:co2|Decoder0~68  ; |encoder8to3_2|encoder8to3:co2|Decoder0~68  ; out0             ;
; |encoder8to3_2|encoder8to3:co2|Decoder0~69  ; |encoder8to3_2|encoder8to3:co2|Decoder0~69  ; out0             ;
; |encoder8to3_2|encoder8to3:co2|Decoder0~70  ; |encoder8to3_2|encoder8to3:co2|Decoder0~70  ; out0             ;
; |encoder8to3_2|encoder8to3:co2|Decoder0~71  ; |encoder8to3_2|encoder8to3:co2|Decoder0~71  ; out0             ;
; |encoder8to3_2|encoder8to3:co2|Decoder0~72  ; |encoder8to3_2|encoder8to3:co2|Decoder0~72  ; out0             ;
; |encoder8to3_2|encoder8to3:co2|Decoder0~73  ; |encoder8to3_2|encoder8to3:co2|Decoder0~73  ; out0             ;
; |encoder8to3_2|encoder8to3:co2|Decoder0~74  ; |encoder8to3_2|encoder8to3:co2|Decoder0~74  ; out0             ;
; |encoder8to3_2|encoder8to3:co2|Decoder0~75  ; |encoder8to3_2|encoder8to3:co2|Decoder0~75  ; out0             ;
; |encoder8to3_2|encoder8to3:co2|Decoder0~76  ; |encoder8to3_2|encoder8to3:co2|Decoder0~76  ; out0             ;
; |encoder8to3_2|encoder8to3:co2|Decoder0~77  ; |encoder8to3_2|encoder8to3:co2|Decoder0~77  ; out0             ;
; |encoder8to3_2|encoder8to3:co2|Decoder0~78  ; |encoder8to3_2|encoder8to3:co2|Decoder0~78  ; out0             ;
; |encoder8to3_2|encoder8to3:co2|Decoder0~79  ; |encoder8to3_2|encoder8to3:co2|Decoder0~79  ; out0             ;
; |encoder8to3_2|encoder8to3:co2|Decoder0~80  ; |encoder8to3_2|encoder8to3:co2|Decoder0~80  ; out0             ;
; |encoder8to3_2|encoder8to3:co2|Decoder0~81  ; |encoder8to3_2|encoder8to3:co2|Decoder0~81  ; out0             ;
; |encoder8to3_2|encoder8to3:co2|Decoder0~82  ; |encoder8to3_2|encoder8to3:co2|Decoder0~82  ; out0             ;
; |encoder8to3_2|encoder8to3:co2|Decoder0~83  ; |encoder8to3_2|encoder8to3:co2|Decoder0~83  ; out0             ;
; |encoder8to3_2|encoder8to3:co2|Decoder0~84  ; |encoder8to3_2|encoder8to3:co2|Decoder0~84  ; out0             ;
; |encoder8to3_2|encoder8to3:co2|Decoder0~85  ; |encoder8to3_2|encoder8to3:co2|Decoder0~85  ; out0             ;
; |encoder8to3_2|encoder8to3:co2|Decoder0~86  ; |encoder8to3_2|encoder8to3:co2|Decoder0~86  ; out0             ;
; |encoder8to3_2|encoder8to3:co2|Decoder0~87  ; |encoder8to3_2|encoder8to3:co2|Decoder0~87  ; out0             ;
; |encoder8to3_2|encoder8to3:co2|Decoder0~88  ; |encoder8to3_2|encoder8to3:co2|Decoder0~88  ; out0             ;
; |encoder8to3_2|encoder8to3:co2|Decoder0~89  ; |encoder8to3_2|encoder8to3:co2|Decoder0~89  ; out0             ;
; |encoder8to3_2|encoder8to3:co2|Decoder0~90  ; |encoder8to3_2|encoder8to3:co2|Decoder0~90  ; out0             ;
; |encoder8to3_2|encoder8to3:co2|Decoder0~91  ; |encoder8to3_2|encoder8to3:co2|Decoder0~91  ; out0             ;
; |encoder8to3_2|encoder8to3:co2|Decoder0~92  ; |encoder8to3_2|encoder8to3:co2|Decoder0~92  ; out0             ;
; |encoder8to3_2|encoder8to3:co2|Decoder0~93  ; |encoder8to3_2|encoder8to3:co2|Decoder0~93  ; out0             ;
; |encoder8to3_2|encoder8to3:co2|Decoder0~94  ; |encoder8to3_2|encoder8to3:co2|Decoder0~94  ; out0             ;
; |encoder8to3_2|encoder8to3:co2|Decoder0~95  ; |encoder8to3_2|encoder8to3:co2|Decoder0~95  ; out0             ;
; |encoder8to3_2|encoder8to3:co2|Decoder0~97  ; |encoder8to3_2|encoder8to3:co2|Decoder0~97  ; out0             ;
; |encoder8to3_2|encoder8to3:co2|Decoder0~98  ; |encoder8to3_2|encoder8to3:co2|Decoder0~98  ; out0             ;
; |encoder8to3_2|encoder8to3:co2|Decoder0~99  ; |encoder8to3_2|encoder8to3:co2|Decoder0~99  ; out0             ;
; |encoder8to3_2|encoder8to3:co2|Decoder0~100 ; |encoder8to3_2|encoder8to3:co2|Decoder0~100 ; out0             ;
; |encoder8to3_2|encoder8to3:co2|Decoder0~101 ; |encoder8to3_2|encoder8to3:co2|Decoder0~101 ; out0             ;
; |encoder8to3_2|encoder8to3:co2|Decoder0~102 ; |encoder8to3_2|encoder8to3:co2|Decoder0~102 ; out0             ;
; |encoder8to3_2|encoder8to3:co2|Decoder0~103 ; |encoder8to3_2|encoder8to3:co2|Decoder0~103 ; out0             ;
; |encoder8to3_2|encoder8to3:co2|Decoder0~104 ; |encoder8to3_2|encoder8to3:co2|Decoder0~104 ; out0             ;
; |encoder8to3_2|encoder8to3:co2|Decoder0~105 ; |encoder8to3_2|encoder8to3:co2|Decoder0~105 ; out0             ;
; |encoder8to3_2|encoder8to3:co2|Decoder0~106 ; |encoder8to3_2|encoder8to3:co2|Decoder0~106 ; out0             ;
; |encoder8to3_2|encoder8to3:co2|Decoder0~107 ; |encoder8to3_2|encoder8to3:co2|Decoder0~107 ; out0             ;
; |encoder8to3_2|encoder8to3:co2|Decoder0~108 ; |encoder8to3_2|encoder8to3:co2|Decoder0~108 ; out0             ;
; |encoder8to3_2|encoder8to3:co2|Decoder0~109 ; |encoder8to3_2|encoder8to3:co2|Decoder0~109 ; out0             ;
; |encoder8to3_2|encoder8to3:co2|Decoder0~110 ; |encoder8to3_2|encoder8to3:co2|Decoder0~110 ; out0             ;
; |encoder8to3_2|encoder8to3:co2|Decoder0~111 ; |encoder8to3_2|encoder8to3:co2|Decoder0~111 ; out0             ;
; |encoder8to3_2|encoder8to3:co2|Decoder0~113 ; |encoder8to3_2|encoder8to3:co2|Decoder0~113 ; out0             ;
; |encoder8to3_2|encoder8to3:co2|Decoder0~114 ; |encoder8to3_2|encoder8to3:co2|Decoder0~114 ; out0             ;
; |encoder8to3_2|encoder8to3:co2|Decoder0~115 ; |encoder8to3_2|encoder8to3:co2|Decoder0~115 ; out0             ;
; |encoder8to3_2|encoder8to3:co2|Decoder0~116 ; |encoder8to3_2|encoder8to3:co2|Decoder0~116 ; out0             ;
; |encoder8to3_2|encoder8to3:co2|Decoder0~117 ; |encoder8to3_2|encoder8to3:co2|Decoder0~117 ; out0             ;
; |encoder8to3_2|encoder8to3:co2|Decoder0~118 ; |encoder8to3_2|encoder8to3:co2|Decoder0~118 ; out0             ;
; |encoder8to3_2|encoder8to3:co2|Decoder0~119 ; |encoder8to3_2|encoder8to3:co2|Decoder0~119 ; out0             ;
; |encoder8to3_2|encoder8to3:co2|Decoder0~121 ; |encoder8to3_2|encoder8to3:co2|Decoder0~121 ; out0             ;
; |encoder8to3_2|encoder8to3:co2|Decoder0~122 ; |encoder8to3_2|encoder8to3:co2|Decoder0~122 ; out0             ;
; |encoder8to3_2|encoder8to3:co2|Decoder0~123 ; |encoder8to3_2|encoder8to3:co2|Decoder0~123 ; out0             ;
; |encoder8to3_2|encoder8to3:co2|Decoder0~125 ; |encoder8to3_2|encoder8to3:co2|Decoder0~125 ; out0             ;
; |encoder8to3_2|encoder8to3:co2|Decoder0~129 ; |encoder8to3_2|encoder8to3:co2|Decoder0~129 ; out              ;
; |encoder8to3_2|encoder8to3:co2|Decoder0~130 ; |encoder8to3_2|encoder8to3:co2|Decoder0~130 ; out              ;
; |encoder8to3_2|encoder8to3:co2|Decoder0~131 ; |encoder8to3_2|encoder8to3:co2|Decoder0~131 ; out              ;
; |encoder8to3_2|encoder8to3:co2|Decoder0~132 ; |encoder8to3_2|encoder8to3:co2|Decoder0~132 ; out              ;
; |encoder8to3_2|encoder8to3:co2|Decoder0~133 ; |encoder8to3_2|encoder8to3:co2|Decoder0~133 ; out              ;
; |encoder8to3_2|encoder8to3:co2|Decoder0~134 ; |encoder8to3_2|encoder8to3:co2|Decoder0~134 ; out              ;
; |encoder8to3_2|encoder8to3:co2|Decoder0~135 ; |encoder8to3_2|encoder8to3:co2|Decoder0~135 ; out              ;
; |encoder8to3_2|encoder8to3:co2|Decoder0~136 ; |encoder8to3_2|encoder8to3:co2|Decoder0~136 ; out              ;
; |encoder8to3_2|encoder8to3:co2|Decoder0~137 ; |encoder8to3_2|encoder8to3:co2|Decoder0~137 ; out              ;
; |encoder8to3_2|encoder8to3:co2|Decoder0~138 ; |encoder8to3_2|encoder8to3:co2|Decoder0~138 ; out              ;
; |encoder8to3_2|encoder8to3:co2|Decoder0~139 ; |encoder8to3_2|encoder8to3:co2|Decoder0~139 ; out              ;
; |encoder8to3_2|encoder8to3:co2|Decoder0~140 ; |encoder8to3_2|encoder8to3:co2|Decoder0~140 ; out              ;
; |encoder8to3_2|encoder8to3:co2|Decoder0~141 ; |encoder8to3_2|encoder8to3:co2|Decoder0~141 ; out              ;
; |encoder8to3_2|encoder8to3:co2|Decoder0~142 ; |encoder8to3_2|encoder8to3:co2|Decoder0~142 ; out              ;
; |encoder8to3_2|encoder8to3:co2|Decoder0~143 ; |encoder8to3_2|encoder8to3:co2|Decoder0~143 ; out              ;
; |encoder8to3_2|encoder8to3:co2|Decoder0~144 ; |encoder8to3_2|encoder8to3:co2|Decoder0~144 ; out              ;
; |encoder8to3_2|encoder8to3:co2|Decoder0~145 ; |encoder8to3_2|encoder8to3:co2|Decoder0~145 ; out              ;
; |encoder8to3_2|encoder8to3:co2|Decoder0~146 ; |encoder8to3_2|encoder8to3:co2|Decoder0~146 ; out              ;
; |encoder8to3_2|encoder8to3:co2|Decoder0~147 ; |encoder8to3_2|encoder8to3:co2|Decoder0~147 ; out              ;
; |encoder8to3_2|encoder8to3:co2|Decoder0~148 ; |encoder8to3_2|encoder8to3:co2|Decoder0~148 ; out              ;
; |encoder8to3_2|encoder8to3:co2|Decoder0~149 ; |encoder8to3_2|encoder8to3:co2|Decoder0~149 ; out              ;
; |encoder8to3_2|encoder8to3:co2|Decoder0~150 ; |encoder8to3_2|encoder8to3:co2|Decoder0~150 ; out              ;
; |encoder8to3_2|encoder8to3:co2|Decoder0~151 ; |encoder8to3_2|encoder8to3:co2|Decoder0~151 ; out              ;
; |encoder8to3_2|encoder8to3:co2|Decoder0~152 ; |encoder8to3_2|encoder8to3:co2|Decoder0~152 ; out              ;
; |encoder8to3_2|encoder8to3:co2|Decoder0~153 ; |encoder8to3_2|encoder8to3:co2|Decoder0~153 ; out              ;
; |encoder8to3_2|encoder8to3:co2|Decoder0~154 ; |encoder8to3_2|encoder8to3:co2|Decoder0~154 ; out              ;
; |encoder8to3_2|encoder8to3:co2|Decoder0~155 ; |encoder8to3_2|encoder8to3:co2|Decoder0~155 ; out              ;
; |encoder8to3_2|encoder8to3:co2|Decoder0~156 ; |encoder8to3_2|encoder8to3:co2|Decoder0~156 ; out              ;
; |encoder8to3_2|encoder8to3:co2|Decoder0~157 ; |encoder8to3_2|encoder8to3:co2|Decoder0~157 ; out              ;
; |encoder8to3_2|encoder8to3:co2|Decoder0~158 ; |encoder8to3_2|encoder8to3:co2|Decoder0~158 ; out              ;
; |encoder8to3_2|encoder8to3:co2|Decoder0~159 ; |encoder8to3_2|encoder8to3:co2|Decoder0~159 ; out              ;
; |encoder8to3_2|encoder8to3:co2|Decoder0~161 ; |encoder8to3_2|encoder8to3:co2|Decoder0~161 ; out              ;
; |encoder8to3_2|encoder8to3:co2|Decoder0~162 ; |encoder8to3_2|encoder8to3:co2|Decoder0~162 ; out              ;
; |encoder8to3_2|encoder8to3:co2|Decoder0~163 ; |encoder8to3_2|encoder8to3:co2|Decoder0~163 ; out              ;
; |encoder8to3_2|encoder8to3:co2|Decoder0~164 ; |encoder8to3_2|encoder8to3:co2|Decoder0~164 ; out              ;
; |encoder8to3_2|encoder8to3:co2|Decoder0~165 ; |encoder8to3_2|encoder8to3:co2|Decoder0~165 ; out              ;
; |encoder8to3_2|encoder8to3:co2|Decoder0~166 ; |encoder8to3_2|encoder8to3:co2|Decoder0~166 ; out              ;
; |encoder8to3_2|encoder8to3:co2|Decoder0~167 ; |encoder8to3_2|encoder8to3:co2|Decoder0~167 ; out              ;
; |encoder8to3_2|encoder8to3:co2|Decoder0~168 ; |encoder8to3_2|encoder8to3:co2|Decoder0~168 ; out              ;
; |encoder8to3_2|encoder8to3:co2|Decoder0~169 ; |encoder8to3_2|encoder8to3:co2|Decoder0~169 ; out              ;
; |encoder8to3_2|encoder8to3:co2|Decoder0~170 ; |encoder8to3_2|encoder8to3:co2|Decoder0~170 ; out              ;
; |encoder8to3_2|encoder8to3:co2|Decoder0~171 ; |encoder8to3_2|encoder8to3:co2|Decoder0~171 ; out              ;
; |encoder8to3_2|encoder8to3:co2|Decoder0~172 ; |encoder8to3_2|encoder8to3:co2|Decoder0~172 ; out              ;
; |encoder8to3_2|encoder8to3:co2|Decoder0~173 ; |encoder8to3_2|encoder8to3:co2|Decoder0~173 ; out              ;
; |encoder8to3_2|encoder8to3:co2|Decoder0~174 ; |encoder8to3_2|encoder8to3:co2|Decoder0~174 ; out              ;
; |encoder8to3_2|encoder8to3:co2|Decoder0~175 ; |encoder8to3_2|encoder8to3:co2|Decoder0~175 ; out              ;
; |encoder8to3_2|encoder8to3:co2|Decoder0~177 ; |encoder8to3_2|encoder8to3:co2|Decoder0~177 ; out              ;
; |encoder8to3_2|encoder8to3:co2|Decoder0~178 ; |encoder8to3_2|encoder8to3:co2|Decoder0~178 ; out              ;
; |encoder8to3_2|encoder8to3:co2|Decoder0~179 ; |encoder8to3_2|encoder8to3:co2|Decoder0~179 ; out              ;
; |encoder8to3_2|encoder8to3:co2|Decoder0~180 ; |encoder8to3_2|encoder8to3:co2|Decoder0~180 ; out              ;
; |encoder8to3_2|encoder8to3:co2|Decoder0~181 ; |encoder8to3_2|encoder8to3:co2|Decoder0~181 ; out              ;
; |encoder8to3_2|encoder8to3:co2|Decoder0~182 ; |encoder8to3_2|encoder8to3:co2|Decoder0~182 ; out              ;
; |encoder8to3_2|encoder8to3:co2|Decoder0~183 ; |encoder8to3_2|encoder8to3:co2|Decoder0~183 ; out              ;
; |encoder8to3_2|encoder8to3:co2|Decoder0~185 ; |encoder8to3_2|encoder8to3:co2|Decoder0~185 ; out              ;
; |encoder8to3_2|encoder8to3:co2|Decoder0~186 ; |encoder8to3_2|encoder8to3:co2|Decoder0~186 ; out              ;
; |encoder8to3_2|encoder8to3:co2|Decoder0~187 ; |encoder8to3_2|encoder8to3:co2|Decoder0~187 ; out              ;
; |encoder8to3_2|encoder8to3:co2|Decoder0~189 ; |encoder8to3_2|encoder8to3:co2|Decoder0~189 ; out              ;
; |encoder8to3_2|encoder8to3:co1|Decoder0~1   ; |encoder8to3_2|encoder8to3:co1|Decoder0~1   ; out0             ;
; |encoder8to3_2|encoder8to3:co1|Decoder0~2   ; |encoder8to3_2|encoder8to3:co1|Decoder0~2   ; out0             ;
; |encoder8to3_2|encoder8to3:co1|Decoder0~3   ; |encoder8to3_2|encoder8to3:co1|Decoder0~3   ; out0             ;
; |encoder8to3_2|encoder8to3:co1|Decoder0~4   ; |encoder8to3_2|encoder8to3:co1|Decoder0~4   ; out0             ;
; |encoder8to3_2|encoder8to3:co1|Decoder0~5   ; |encoder8to3_2|encoder8to3:co1|Decoder0~5   ; out0             ;
; |encoder8to3_2|encoder8to3:co1|Decoder0~6   ; |encoder8to3_2|encoder8to3:co1|Decoder0~6   ; out0             ;
; |encoder8to3_2|encoder8to3:co1|Decoder0~7   ; |encoder8to3_2|encoder8to3:co1|Decoder0~7   ; out0             ;
; |encoder8to3_2|encoder8to3:co1|Decoder0~8   ; |encoder8to3_2|encoder8to3:co1|Decoder0~8   ; out0             ;
; |encoder8to3_2|encoder8to3:co1|Decoder0~9   ; |encoder8to3_2|encoder8to3:co1|Decoder0~9   ; out0             ;
; |encoder8to3_2|encoder8to3:co1|Decoder0~10  ; |encoder8to3_2|encoder8to3:co1|Decoder0~10  ; out0             ;
; |encoder8to3_2|encoder8to3:co1|Decoder0~11  ; |encoder8to3_2|encoder8to3:co1|Decoder0~11  ; out0             ;
; |encoder8to3_2|encoder8to3:co1|Decoder0~12  ; |encoder8to3_2|encoder8to3:co1|Decoder0~12  ; out0             ;
; |encoder8to3_2|encoder8to3:co1|Decoder0~13  ; |encoder8to3_2|encoder8to3:co1|Decoder0~13  ; out0             ;
; |encoder8to3_2|encoder8to3:co1|Decoder0~14  ; |encoder8to3_2|encoder8to3:co1|Decoder0~14  ; out0             ;
; |encoder8to3_2|encoder8to3:co1|Decoder0~15  ; |encoder8to3_2|encoder8to3:co1|Decoder0~15  ; out0             ;
; |encoder8to3_2|encoder8to3:co1|Decoder0~16  ; |encoder8to3_2|encoder8to3:co1|Decoder0~16  ; out0             ;
; |encoder8to3_2|encoder8to3:co1|Decoder0~17  ; |encoder8to3_2|encoder8to3:co1|Decoder0~17  ; out0             ;
; |encoder8to3_2|encoder8to3:co1|Decoder0~18  ; |encoder8to3_2|encoder8to3:co1|Decoder0~18  ; out0             ;
; |encoder8to3_2|encoder8to3:co1|Decoder0~19  ; |encoder8to3_2|encoder8to3:co1|Decoder0~19  ; out0             ;
; |encoder8to3_2|encoder8to3:co1|Decoder0~20  ; |encoder8to3_2|encoder8to3:co1|Decoder0~20  ; out0             ;
; |encoder8to3_2|encoder8to3:co1|Decoder0~21  ; |encoder8to3_2|encoder8to3:co1|Decoder0~21  ; out0             ;
; |encoder8to3_2|encoder8to3:co1|Decoder0~22  ; |encoder8to3_2|encoder8to3:co1|Decoder0~22  ; out0             ;
; |encoder8to3_2|encoder8to3:co1|Decoder0~23  ; |encoder8to3_2|encoder8to3:co1|Decoder0~23  ; out0             ;
; |encoder8to3_2|encoder8to3:co1|Decoder0~24  ; |encoder8to3_2|encoder8to3:co1|Decoder0~24  ; out0             ;
; |encoder8to3_2|encoder8to3:co1|Decoder0~25  ; |encoder8to3_2|encoder8to3:co1|Decoder0~25  ; out0             ;
; |encoder8to3_2|encoder8to3:co1|Decoder0~26  ; |encoder8to3_2|encoder8to3:co1|Decoder0~26  ; out0             ;
; |encoder8to3_2|encoder8to3:co1|Decoder0~27  ; |encoder8to3_2|encoder8to3:co1|Decoder0~27  ; out0             ;
; |encoder8to3_2|encoder8to3:co1|Decoder0~28  ; |encoder8to3_2|encoder8to3:co1|Decoder0~28  ; out0             ;
; |encoder8to3_2|encoder8to3:co1|Decoder0~29  ; |encoder8to3_2|encoder8to3:co1|Decoder0~29  ; out0             ;
; |encoder8to3_2|encoder8to3:co1|Decoder0~30  ; |encoder8to3_2|encoder8to3:co1|Decoder0~30  ; out0             ;
; |encoder8to3_2|encoder8to3:co1|Decoder0~31  ; |encoder8to3_2|encoder8to3:co1|Decoder0~31  ; out0             ;
; |encoder8to3_2|encoder8to3:co1|Decoder0~32  ; |encoder8to3_2|encoder8to3:co1|Decoder0~32  ; out0             ;
; |encoder8to3_2|encoder8to3:co1|Decoder0~33  ; |encoder8to3_2|encoder8to3:co1|Decoder0~33  ; out0             ;
; |encoder8to3_2|encoder8to3:co1|Decoder0~34  ; |encoder8to3_2|encoder8to3:co1|Decoder0~34  ; out0             ;
; |encoder8to3_2|encoder8to3:co1|Decoder0~35  ; |encoder8to3_2|encoder8to3:co1|Decoder0~35  ; out0             ;
; |encoder8to3_2|encoder8to3:co1|Decoder0~36  ; |encoder8to3_2|encoder8to3:co1|Decoder0~36  ; out0             ;
; |encoder8to3_2|encoder8to3:co1|Decoder0~37  ; |encoder8to3_2|encoder8to3:co1|Decoder0~37  ; out0             ;
; |encoder8to3_2|encoder8to3:co1|Decoder0~38  ; |encoder8to3_2|encoder8to3:co1|Decoder0~38  ; out0             ;
; |encoder8to3_2|encoder8to3:co1|Decoder0~39  ; |encoder8to3_2|encoder8to3:co1|Decoder0~39  ; out0             ;
; |encoder8to3_2|encoder8to3:co1|Decoder0~40  ; |encoder8to3_2|encoder8to3:co1|Decoder0~40  ; out0             ;
; |encoder8to3_2|encoder8to3:co1|Decoder0~41  ; |encoder8to3_2|encoder8to3:co1|Decoder0~41  ; out0             ;
; |encoder8to3_2|encoder8to3:co1|Decoder0~42  ; |encoder8to3_2|encoder8to3:co1|Decoder0~42  ; out0             ;
; |encoder8to3_2|encoder8to3:co1|Decoder0~43  ; |encoder8to3_2|encoder8to3:co1|Decoder0~43  ; out0             ;
; |encoder8to3_2|encoder8to3:co1|Decoder0~44  ; |encoder8to3_2|encoder8to3:co1|Decoder0~44  ; out0             ;
; |encoder8to3_2|encoder8to3:co1|Decoder0~45  ; |encoder8to3_2|encoder8to3:co1|Decoder0~45  ; out0             ;
; |encoder8to3_2|encoder8to3:co1|Decoder0~46  ; |encoder8to3_2|encoder8to3:co1|Decoder0~46  ; out0             ;
; |encoder8to3_2|encoder8to3:co1|Decoder0~47  ; |encoder8to3_2|encoder8to3:co1|Decoder0~47  ; out0             ;
; |encoder8to3_2|encoder8to3:co1|Decoder0~48  ; |encoder8to3_2|encoder8to3:co1|Decoder0~48  ; out0             ;
; |encoder8to3_2|encoder8to3:co1|Decoder0~49  ; |encoder8to3_2|encoder8to3:co1|Decoder0~49  ; out0             ;
; |encoder8to3_2|encoder8to3:co1|Decoder0~50  ; |encoder8to3_2|encoder8to3:co1|Decoder0~50  ; out0             ;
; |encoder8to3_2|encoder8to3:co1|Decoder0~51  ; |encoder8to3_2|encoder8to3:co1|Decoder0~51  ; out0             ;
; |encoder8to3_2|encoder8to3:co1|Decoder0~52  ; |encoder8to3_2|encoder8to3:co1|Decoder0~52  ; out0             ;
; |encoder8to3_2|encoder8to3:co1|Decoder0~53  ; |encoder8to3_2|encoder8to3:co1|Decoder0~53  ; out0             ;
; |encoder8to3_2|encoder8to3:co1|Decoder0~54  ; |encoder8to3_2|encoder8to3:co1|Decoder0~54  ; out0             ;
; |encoder8to3_2|encoder8to3:co1|Decoder0~55  ; |encoder8to3_2|encoder8to3:co1|Decoder0~55  ; out0             ;
; |encoder8to3_2|encoder8to3:co1|Decoder0~56  ; |encoder8to3_2|encoder8to3:co1|Decoder0~56  ; out0             ;
; |encoder8to3_2|encoder8to3:co1|Decoder0~57  ; |encoder8to3_2|encoder8to3:co1|Decoder0~57  ; out0             ;
; |encoder8to3_2|encoder8to3:co1|Decoder0~58  ; |encoder8to3_2|encoder8to3:co1|Decoder0~58  ; out0             ;
; |encoder8to3_2|encoder8to3:co1|Decoder0~59  ; |encoder8to3_2|encoder8to3:co1|Decoder0~59  ; out0             ;
; |encoder8to3_2|encoder8to3:co1|Decoder0~60  ; |encoder8to3_2|encoder8to3:co1|Decoder0~60  ; out0             ;
; |encoder8to3_2|encoder8to3:co1|Decoder0~61  ; |encoder8to3_2|encoder8to3:co1|Decoder0~61  ; out0             ;
; |encoder8to3_2|encoder8to3:co1|Decoder0~62  ; |encoder8to3_2|encoder8to3:co1|Decoder0~62  ; out0             ;
; |encoder8to3_2|encoder8to3:co1|Decoder0~63  ; |encoder8to3_2|encoder8to3:co1|Decoder0~63  ; out0             ;
; |encoder8to3_2|encoder8to3:co1|Decoder0~65  ; |encoder8to3_2|encoder8to3:co1|Decoder0~65  ; out0             ;
; |encoder8to3_2|encoder8to3:co1|Decoder0~66  ; |encoder8to3_2|encoder8to3:co1|Decoder0~66  ; out0             ;
; |encoder8to3_2|encoder8to3:co1|Decoder0~67  ; |encoder8to3_2|encoder8to3:co1|Decoder0~67  ; out0             ;
; |encoder8to3_2|encoder8to3:co1|Decoder0~68  ; |encoder8to3_2|encoder8to3:co1|Decoder0~68  ; out0             ;
; |encoder8to3_2|encoder8to3:co1|Decoder0~69  ; |encoder8to3_2|encoder8to3:co1|Decoder0~69  ; out0             ;
; |encoder8to3_2|encoder8to3:co1|Decoder0~70  ; |encoder8to3_2|encoder8to3:co1|Decoder0~70  ; out0             ;
; |encoder8to3_2|encoder8to3:co1|Decoder0~71  ; |encoder8to3_2|encoder8to3:co1|Decoder0~71  ; out0             ;
; |encoder8to3_2|encoder8to3:co1|Decoder0~72  ; |encoder8to3_2|encoder8to3:co1|Decoder0~72  ; out0             ;
; |encoder8to3_2|encoder8to3:co1|Decoder0~73  ; |encoder8to3_2|encoder8to3:co1|Decoder0~73  ; out0             ;
; |encoder8to3_2|encoder8to3:co1|Decoder0~74  ; |encoder8to3_2|encoder8to3:co1|Decoder0~74  ; out0             ;
; |encoder8to3_2|encoder8to3:co1|Decoder0~75  ; |encoder8to3_2|encoder8to3:co1|Decoder0~75  ; out0             ;
; |encoder8to3_2|encoder8to3:co1|Decoder0~76  ; |encoder8to3_2|encoder8to3:co1|Decoder0~76  ; out0             ;
; |encoder8to3_2|encoder8to3:co1|Decoder0~77  ; |encoder8to3_2|encoder8to3:co1|Decoder0~77  ; out0             ;
; |encoder8to3_2|encoder8to3:co1|Decoder0~78  ; |encoder8to3_2|encoder8to3:co1|Decoder0~78  ; out0             ;
; |encoder8to3_2|encoder8to3:co1|Decoder0~79  ; |encoder8to3_2|encoder8to3:co1|Decoder0~79  ; out0             ;
; |encoder8to3_2|encoder8to3:co1|Decoder0~80  ; |encoder8to3_2|encoder8to3:co1|Decoder0~80  ; out0             ;
; |encoder8to3_2|encoder8to3:co1|Decoder0~81  ; |encoder8to3_2|encoder8to3:co1|Decoder0~81  ; out0             ;
; |encoder8to3_2|encoder8to3:co1|Decoder0~82  ; |encoder8to3_2|encoder8to3:co1|Decoder0~82  ; out0             ;
; |encoder8to3_2|encoder8to3:co1|Decoder0~83  ; |encoder8to3_2|encoder8to3:co1|Decoder0~83  ; out0             ;
; |encoder8to3_2|encoder8to3:co1|Decoder0~84  ; |encoder8to3_2|encoder8to3:co1|Decoder0~84  ; out0             ;
; |encoder8to3_2|encoder8to3:co1|Decoder0~85  ; |encoder8to3_2|encoder8to3:co1|Decoder0~85  ; out0             ;
; |encoder8to3_2|encoder8to3:co1|Decoder0~86  ; |encoder8to3_2|encoder8to3:co1|Decoder0~86  ; out0             ;
; |encoder8to3_2|encoder8to3:co1|Decoder0~87  ; |encoder8to3_2|encoder8to3:co1|Decoder0~87  ; out0             ;
; |encoder8to3_2|encoder8to3:co1|Decoder0~88  ; |encoder8to3_2|encoder8to3:co1|Decoder0~88  ; out0             ;
; |encoder8to3_2|encoder8to3:co1|Decoder0~89  ; |encoder8to3_2|encoder8to3:co1|Decoder0~89  ; out0             ;
; |encoder8to3_2|encoder8to3:co1|Decoder0~90  ; |encoder8to3_2|encoder8to3:co1|Decoder0~90  ; out0             ;
; |encoder8to3_2|encoder8to3:co1|Decoder0~91  ; |encoder8to3_2|encoder8to3:co1|Decoder0~91  ; out0             ;
; |encoder8to3_2|encoder8to3:co1|Decoder0~92  ; |encoder8to3_2|encoder8to3:co1|Decoder0~92  ; out0             ;
; |encoder8to3_2|encoder8to3:co1|Decoder0~93  ; |encoder8to3_2|encoder8to3:co1|Decoder0~93  ; out0             ;
; |encoder8to3_2|encoder8to3:co1|Decoder0~94  ; |encoder8to3_2|encoder8to3:co1|Decoder0~94  ; out0             ;
; |encoder8to3_2|encoder8to3:co1|Decoder0~95  ; |encoder8to3_2|encoder8to3:co1|Decoder0~95  ; out0             ;
; |encoder8to3_2|encoder8to3:co1|Decoder0~97  ; |encoder8to3_2|encoder8to3:co1|Decoder0~97  ; out0             ;
; |encoder8to3_2|encoder8to3:co1|Decoder0~98  ; |encoder8to3_2|encoder8to3:co1|Decoder0~98  ; out0             ;
; |encoder8to3_2|encoder8to3:co1|Decoder0~99  ; |encoder8to3_2|encoder8to3:co1|Decoder0~99  ; out0             ;
; |encoder8to3_2|encoder8to3:co1|Decoder0~100 ; |encoder8to3_2|encoder8to3:co1|Decoder0~100 ; out0             ;
; |encoder8to3_2|encoder8to3:co1|Decoder0~101 ; |encoder8to3_2|encoder8to3:co1|Decoder0~101 ; out0             ;
; |encoder8to3_2|encoder8to3:co1|Decoder0~102 ; |encoder8to3_2|encoder8to3:co1|Decoder0~102 ; out0             ;
; |encoder8to3_2|encoder8to3:co1|Decoder0~103 ; |encoder8to3_2|encoder8to3:co1|Decoder0~103 ; out0             ;
; |encoder8to3_2|encoder8to3:co1|Decoder0~104 ; |encoder8to3_2|encoder8to3:co1|Decoder0~104 ; out0             ;
; |encoder8to3_2|encoder8to3:co1|Decoder0~105 ; |encoder8to3_2|encoder8to3:co1|Decoder0~105 ; out0             ;
; |encoder8to3_2|encoder8to3:co1|Decoder0~106 ; |encoder8to3_2|encoder8to3:co1|Decoder0~106 ; out0             ;
; |encoder8to3_2|encoder8to3:co1|Decoder0~107 ; |encoder8to3_2|encoder8to3:co1|Decoder0~107 ; out0             ;
; |encoder8to3_2|encoder8to3:co1|Decoder0~108 ; |encoder8to3_2|encoder8to3:co1|Decoder0~108 ; out0             ;
; |encoder8to3_2|encoder8to3:co1|Decoder0~109 ; |encoder8to3_2|encoder8to3:co1|Decoder0~109 ; out0             ;
; |encoder8to3_2|encoder8to3:co1|Decoder0~110 ; |encoder8to3_2|encoder8to3:co1|Decoder0~110 ; out0             ;
; |encoder8to3_2|encoder8to3:co1|Decoder0~111 ; |encoder8to3_2|encoder8to3:co1|Decoder0~111 ; out0             ;
; |encoder8to3_2|encoder8to3:co1|Decoder0~113 ; |encoder8to3_2|encoder8to3:co1|Decoder0~113 ; out0             ;
; |encoder8to3_2|encoder8to3:co1|Decoder0~114 ; |encoder8to3_2|encoder8to3:co1|Decoder0~114 ; out0             ;
; |encoder8to3_2|encoder8to3:co1|Decoder0~115 ; |encoder8to3_2|encoder8to3:co1|Decoder0~115 ; out0             ;
; |encoder8to3_2|encoder8to3:co1|Decoder0~116 ; |encoder8to3_2|encoder8to3:co1|Decoder0~116 ; out0             ;
; |encoder8to3_2|encoder8to3:co1|Decoder0~117 ; |encoder8to3_2|encoder8to3:co1|Decoder0~117 ; out0             ;
; |encoder8to3_2|encoder8to3:co1|Decoder0~118 ; |encoder8to3_2|encoder8to3:co1|Decoder0~118 ; out0             ;
; |encoder8to3_2|encoder8to3:co1|Decoder0~119 ; |encoder8to3_2|encoder8to3:co1|Decoder0~119 ; out0             ;
; |encoder8to3_2|encoder8to3:co1|Decoder0~121 ; |encoder8to3_2|encoder8to3:co1|Decoder0~121 ; out0             ;
; |encoder8to3_2|encoder8to3:co1|Decoder0~122 ; |encoder8to3_2|encoder8to3:co1|Decoder0~122 ; out0             ;
; |encoder8to3_2|encoder8to3:co1|Decoder0~123 ; |encoder8to3_2|encoder8to3:co1|Decoder0~123 ; out0             ;
; |encoder8to3_2|encoder8to3:co1|Decoder0~125 ; |encoder8to3_2|encoder8to3:co1|Decoder0~125 ; out0             ;
; |encoder8to3_2|encoder8to3:co1|Decoder0~129 ; |encoder8to3_2|encoder8to3:co1|Decoder0~129 ; out              ;
; |encoder8to3_2|encoder8to3:co1|Decoder0~130 ; |encoder8to3_2|encoder8to3:co1|Decoder0~130 ; out              ;
; |encoder8to3_2|encoder8to3:co1|Decoder0~131 ; |encoder8to3_2|encoder8to3:co1|Decoder0~131 ; out              ;
; |encoder8to3_2|encoder8to3:co1|Decoder0~132 ; |encoder8to3_2|encoder8to3:co1|Decoder0~132 ; out              ;
; |encoder8to3_2|encoder8to3:co1|Decoder0~133 ; |encoder8to3_2|encoder8to3:co1|Decoder0~133 ; out              ;
; |encoder8to3_2|encoder8to3:co1|Decoder0~134 ; |encoder8to3_2|encoder8to3:co1|Decoder0~134 ; out              ;
; |encoder8to3_2|encoder8to3:co1|Decoder0~135 ; |encoder8to3_2|encoder8to3:co1|Decoder0~135 ; out              ;
; |encoder8to3_2|encoder8to3:co1|Decoder0~136 ; |encoder8to3_2|encoder8to3:co1|Decoder0~136 ; out              ;
; |encoder8to3_2|encoder8to3:co1|Decoder0~137 ; |encoder8to3_2|encoder8to3:co1|Decoder0~137 ; out              ;
; |encoder8to3_2|encoder8to3:co1|Decoder0~138 ; |encoder8to3_2|encoder8to3:co1|Decoder0~138 ; out              ;
; |encoder8to3_2|encoder8to3:co1|Decoder0~139 ; |encoder8to3_2|encoder8to3:co1|Decoder0~139 ; out              ;
; |encoder8to3_2|encoder8to3:co1|Decoder0~140 ; |encoder8to3_2|encoder8to3:co1|Decoder0~140 ; out              ;
; |encoder8to3_2|encoder8to3:co1|Decoder0~141 ; |encoder8to3_2|encoder8to3:co1|Decoder0~141 ; out              ;
; |encoder8to3_2|encoder8to3:co1|Decoder0~142 ; |encoder8to3_2|encoder8to3:co1|Decoder0~142 ; out              ;
; |encoder8to3_2|encoder8to3:co1|Decoder0~143 ; |encoder8to3_2|encoder8to3:co1|Decoder0~143 ; out              ;
; |encoder8to3_2|encoder8to3:co1|Decoder0~144 ; |encoder8to3_2|encoder8to3:co1|Decoder0~144 ; out              ;
; |encoder8to3_2|encoder8to3:co1|Decoder0~145 ; |encoder8to3_2|encoder8to3:co1|Decoder0~145 ; out              ;
; |encoder8to3_2|encoder8to3:co1|Decoder0~146 ; |encoder8to3_2|encoder8to3:co1|Decoder0~146 ; out              ;
; |encoder8to3_2|encoder8to3:co1|Decoder0~147 ; |encoder8to3_2|encoder8to3:co1|Decoder0~147 ; out              ;
; |encoder8to3_2|encoder8to3:co1|Decoder0~148 ; |encoder8to3_2|encoder8to3:co1|Decoder0~148 ; out              ;
; |encoder8to3_2|encoder8to3:co1|Decoder0~149 ; |encoder8to3_2|encoder8to3:co1|Decoder0~149 ; out              ;
; |encoder8to3_2|encoder8to3:co1|Decoder0~150 ; |encoder8to3_2|encoder8to3:co1|Decoder0~150 ; out              ;
; |encoder8to3_2|encoder8to3:co1|Decoder0~151 ; |encoder8to3_2|encoder8to3:co1|Decoder0~151 ; out              ;
; |encoder8to3_2|encoder8to3:co1|Decoder0~152 ; |encoder8to3_2|encoder8to3:co1|Decoder0~152 ; out              ;
; |encoder8to3_2|encoder8to3:co1|Decoder0~153 ; |encoder8to3_2|encoder8to3:co1|Decoder0~153 ; out              ;
; |encoder8to3_2|encoder8to3:co1|Decoder0~154 ; |encoder8to3_2|encoder8to3:co1|Decoder0~154 ; out              ;
; |encoder8to3_2|encoder8to3:co1|Decoder0~155 ; |encoder8to3_2|encoder8to3:co1|Decoder0~155 ; out              ;
; |encoder8to3_2|encoder8to3:co1|Decoder0~156 ; |encoder8to3_2|encoder8to3:co1|Decoder0~156 ; out              ;
; |encoder8to3_2|encoder8to3:co1|Decoder0~157 ; |encoder8to3_2|encoder8to3:co1|Decoder0~157 ; out              ;
; |encoder8to3_2|encoder8to3:co1|Decoder0~158 ; |encoder8to3_2|encoder8to3:co1|Decoder0~158 ; out              ;
; |encoder8to3_2|encoder8to3:co1|Decoder0~159 ; |encoder8to3_2|encoder8to3:co1|Decoder0~159 ; out              ;
; |encoder8to3_2|encoder8to3:co1|Decoder0~161 ; |encoder8to3_2|encoder8to3:co1|Decoder0~161 ; out              ;
; |encoder8to3_2|encoder8to3:co1|Decoder0~162 ; |encoder8to3_2|encoder8to3:co1|Decoder0~162 ; out              ;
; |encoder8to3_2|encoder8to3:co1|Decoder0~163 ; |encoder8to3_2|encoder8to3:co1|Decoder0~163 ; out              ;
; |encoder8to3_2|encoder8to3:co1|Decoder0~164 ; |encoder8to3_2|encoder8to3:co1|Decoder0~164 ; out              ;
; |encoder8to3_2|encoder8to3:co1|Decoder0~165 ; |encoder8to3_2|encoder8to3:co1|Decoder0~165 ; out              ;
; |encoder8to3_2|encoder8to3:co1|Decoder0~166 ; |encoder8to3_2|encoder8to3:co1|Decoder0~166 ; out              ;
; |encoder8to3_2|encoder8to3:co1|Decoder0~167 ; |encoder8to3_2|encoder8to3:co1|Decoder0~167 ; out              ;
; |encoder8to3_2|encoder8to3:co1|Decoder0~168 ; |encoder8to3_2|encoder8to3:co1|Decoder0~168 ; out              ;
; |encoder8to3_2|encoder8to3:co1|Decoder0~169 ; |encoder8to3_2|encoder8to3:co1|Decoder0~169 ; out              ;
; |encoder8to3_2|encoder8to3:co1|Decoder0~170 ; |encoder8to3_2|encoder8to3:co1|Decoder0~170 ; out              ;
; |encoder8to3_2|encoder8to3:co1|Decoder0~171 ; |encoder8to3_2|encoder8to3:co1|Decoder0~171 ; out              ;
; |encoder8to3_2|encoder8to3:co1|Decoder0~172 ; |encoder8to3_2|encoder8to3:co1|Decoder0~172 ; out              ;
; |encoder8to3_2|encoder8to3:co1|Decoder0~173 ; |encoder8to3_2|encoder8to3:co1|Decoder0~173 ; out              ;
; |encoder8to3_2|encoder8to3:co1|Decoder0~174 ; |encoder8to3_2|encoder8to3:co1|Decoder0~174 ; out              ;
; |encoder8to3_2|encoder8to3:co1|Decoder0~175 ; |encoder8to3_2|encoder8to3:co1|Decoder0~175 ; out              ;
; |encoder8to3_2|encoder8to3:co1|Decoder0~177 ; |encoder8to3_2|encoder8to3:co1|Decoder0~177 ; out              ;
; |encoder8to3_2|encoder8to3:co1|Decoder0~178 ; |encoder8to3_2|encoder8to3:co1|Decoder0~178 ; out              ;
; |encoder8to3_2|encoder8to3:co1|Decoder0~179 ; |encoder8to3_2|encoder8to3:co1|Decoder0~179 ; out              ;
; |encoder8to3_2|encoder8to3:co1|Decoder0~180 ; |encoder8to3_2|encoder8to3:co1|Decoder0~180 ; out              ;
; |encoder8to3_2|encoder8to3:co1|Decoder0~181 ; |encoder8to3_2|encoder8to3:co1|Decoder0~181 ; out              ;
; |encoder8to3_2|encoder8to3:co1|Decoder0~182 ; |encoder8to3_2|encoder8to3:co1|Decoder0~182 ; out              ;
; |encoder8to3_2|encoder8to3:co1|Decoder0~183 ; |encoder8to3_2|encoder8to3:co1|Decoder0~183 ; out              ;
; |encoder8to3_2|encoder8to3:co1|Decoder0~185 ; |encoder8to3_2|encoder8to3:co1|Decoder0~185 ; out              ;
; |encoder8to3_2|encoder8to3:co1|Decoder0~186 ; |encoder8to3_2|encoder8to3:co1|Decoder0~186 ; out              ;
; |encoder8to3_2|encoder8to3:co1|Decoder0~187 ; |encoder8to3_2|encoder8to3:co1|Decoder0~187 ; out              ;
; |encoder8to3_2|encoder8to3:co1|Decoder0~189 ; |encoder8to3_2|encoder8to3:co1|Decoder0~189 ; out              ;
+---------------------------------------------+---------------------------------------------+------------------+


+---------------------+
; Simulator INI Usage ;
+--------+------------+
; Option ; Usage      ;
+--------+------------+


+--------------------+
; Simulator Messages ;
+--------------------+
Info: *******************************************************************
Info: Running Quartus II Simulator
    Info: Version 9.1 Build 350 03/24/2010 Service Pack 2 SJ Web Edition
    Info: Processing started: Fri Apr 07 15:23:35 2023
Info: Command: quartus_sim --read_settings_files=on --write_settings_files=off encoder4to2 -c encoder4to2
Info: Using vector source file "0407/encoder8to3_2.vwf"
Info: Option to preserve fewer signal transitions to reduce memory requirements is enabled
    Info: Simulation has been partitioned into sub-simulations according to the maximum transition count determined by the engine. Transitions from memory will be flushed out to disk at the end of each sub-simulation to reduce memory requirements.
Info: Simulation partitioned into 1 sub-simulations
Info: Simulation coverage is      16.90 %
Info: Number of transitions in simulation is 236
Info: Quartus II Simulator was successful. 0 errors, 0 warnings
    Info: Peak virtual memory: 159 megabytes
    Info: Processing ended: Fri Apr 07 15:23:35 2023
    Info: Elapsed time: 00:00:00
    Info: Total CPU time (on all processors): 00:00:01


