Analysis & Synthesis report for mux8to1
Tue Mar 21 22:16:05 2023
Quartus II Version 9.1 Build 350 03/24/2010 Service Pack 2 SJ Web Edition


---------------------
; Table of Contents ;
---------------------
  1. Legal Notice
  2. Analysis & Synthesis Summary
  3. Analysis & Synthesis Settings
  4. Parallel Compilation
  5. Analysis & Synthesis Source Files Read
  6. Analysis & Synthesis Resource Usage Summary
  7. Analysis & Synthesis Resource Utilization by Entity
  8. General Register Statistics
  9. Port Connectivity Checks: "mux4to1:m41"
 10. Port Connectivity Checks: "mux4to1:m40"
 11. Analysis & Synthesis Messages
 12. Analysis & Synthesis Suppressed Messages



----------------
; Legal Notice ;
----------------
Copyright (C) 1991-2010 Altera Corporation
Your use of Altera Corporation's design tools, logic functions 
and other software and tools, and its AMPP partner logic 
functions, and any output files from any of the foregoing 
(including device programming or simulation files), and any 
associated documentation or information are expressly subject 
to the terms and conditions of the Altera Program License 
Subscription Agreement, Altera MegaCore Function License 
Agreement, or other applicable license agreement, including, 
without limitation, that your use is for the sole purpose of 
programming logic devices manufactured by Altera and sold by 
Altera or its authorized distributors.  Please refer to the 
applicable agreement for further details.



+------------------------------------------------------------------------------+
; Analysis & Synthesis Summary                                                 ;
+-------------------------------+----------------------------------------------+
; Analysis & Synthesis Status   ; Successful - Tue Mar 21 22:16:05 2023        ;
; Quartus II Version            ; 9.1 Build 350 03/24/2010 SP 2 SJ Web Edition ;
; Revision Name                 ; mux8to1                                      ;
; Top-level Entity Name         ; mux8to1                                      ;
; Family                        ; Stratix II                                   ;
; Logic utilization             ; N/A                                          ;
;     Combinational ALUTs       ; 1                                            ;
;     Dedicated logic registers ; 0                                            ;
; Total registers               ; 0                                            ;
; Total pins                    ; 15                                           ;
; Total virtual pins            ; 0                                            ;
; Total block memory bits       ; 0                                            ;
; DSP block 9-bit elements      ; 0                                            ;
; Total PLLs                    ; 0                                            ;
; Total DLLs                    ; 0                                            ;
+-------------------------------+----------------------------------------------+


+----------------------------------------------------------------------------------------------------------------------+
; Analysis & Synthesis Settings                                                                                        ;
+----------------------------------------------------------------------------+--------------------+--------------------+
; Option                                                                     ; Setting            ; Default Value      ;
+----------------------------------------------------------------------------+--------------------+--------------------+
; Top-level entity name                                                      ; mux8to1            ; mux8to1            ;
; Family name                                                                ; Stratix II         ; Stratix II         ;
; Use Generated Physical Constraints File                                    ; Off                ;                    ;
; Use smart compilation                                                      ; Off                ; Off                ;
; Enable parallel Assembler and TimeQuest Timing Analyzer during compilation ; On                 ; On                 ;
; Enable compact report table                                                ; Off                ; Off                ;
; Restructure Multiplexers                                                   ; Auto               ; Auto               ;
; Create Debugging Nodes for IP Cores                                        ; Off                ; Off                ;
; Preserve fewer node names                                                  ; On                 ; On                 ;
; Disable OpenCore Plus hardware evaluation                                  ; Off                ; Off                ;
; Verilog Version                                                            ; Verilog_2001       ; Verilog_2001       ;
; VHDL Version                                                               ; VHDL_1993          ; VHDL_1993          ;
; State Machine Processing                                                   ; Auto               ; Auto               ;
; Safe State Machine                                                         ; Off                ; Off                ;
; Extract Verilog State Machines                                             ; On                 ; On                 ;
; Extract VHDL State Machines                                                ; On                 ; On                 ;
; Ignore Verilog initial constructs                                          ; Off                ; Off                ;
; Iteration limit for constant Verilog loops                                 ; 5000               ; 5000               ;
; Iteration limit for non-constant Verilog loops                             ; 250                ; 250                ;
; Add Pass-Through Logic to Inferred RAMs                                    ; On                 ; On                 ;
; Parallel Synthesis                                                         ; On                 ; On                 ;
; DSP Block Balancing                                                        ; Auto               ; Auto               ;
; NOT Gate Push-Back                                                         ; On                 ; On                 ;
; Power-Up Don't Care                                                        ; On                 ; On                 ;
; Remove Redundant Logic Cells                                               ; Off                ; Off                ;
; Remove Duplicate Registers                                                 ; On                 ; On                 ;
; Ignore CARRY Buffers                                                       ; Off                ; Off                ;
; Ignore CASCADE Buffers                                                     ; Off                ; Off                ;
; Ignore GLOBAL Buffers                                                      ; Off                ; Off                ;
; Ignore ROW GLOBAL Buffers                                                  ; Off                ; Off                ;
; Ignore LCELL Buffers                                                       ; Off                ; Off                ;
; Ignore SOFT Buffers                                                        ; On                 ; On                 ;
; Limit AHDL Integers to 32 Bits                                             ; Off                ; Off                ;
; Optimization Technique                                                     ; Balanced           ; Balanced           ;
; Carry Chain Length                                                         ; 70                 ; 70                 ;
; Auto Carry Chains                                                          ; On                 ; On                 ;
; Auto Open-Drain Pins                                                       ; On                 ; On                 ;
; Perform WYSIWYG Primitive Resynthesis                                      ; Off                ; Off                ;
; Auto ROM Replacement                                                       ; On                 ; On                 ;
; Auto RAM Replacement                                                       ; On                 ; On                 ;
; Auto DSP Block Replacement                                                 ; On                 ; On                 ;
; Auto Shift Register Replacement                                            ; Auto               ; Auto               ;
; Auto Clock Enable Replacement                                              ; On                 ; On                 ;
; Strict RAM Replacement                                                     ; Off                ; Off                ;
; Allow Synchronous Control Signals                                          ; On                 ; On                 ;
; Force Use of Synchronous Clear Signals                                     ; Off                ; Off                ;
; Auto RAM Block Balancing                                                   ; On                 ; On                 ;
; Auto RAM to Logic Cell Conversion                                          ; Off                ; Off                ;
; Auto Resource Sharing                                                      ; Off                ; Off                ;
; Allow Any RAM Size For Recognition                                         ; Off                ; Off                ;
; Allow Any ROM Size For Recognition                                         ; Off                ; Off                ;
; Allow Any Shift Register Size For Recognition                              ; Off                ; Off                ;
; Use LogicLock Constraints during Resource Balancing                        ; On                 ; On                 ;
; Ignore translate_off and synthesis_off directives                          ; Off                ; Off                ;
; Timing-Driven Synthesis                                                    ; Off                ; Off                ;
; Show Parameter Settings Tables in Synthesis Report                         ; On                 ; On                 ;
; Ignore Maximum Fan-Out Assignments                                         ; Off                ; Off                ;
; Synchronization Register Chain Length                                      ; 2                  ; 2                  ;
; PowerPlay Power Optimization                                               ; Normal compilation ; Normal compilation ;
; HDL message level                                                          ; Level2             ; Level2             ;
; Suppress Register Optimization Related Messages                            ; Off                ; Off                ;
; Number of Removed Registers Reported in Synthesis Report                   ; 5000               ; 5000               ;
; Number of Inverted Registers Reported in Synthesis Report                  ; 100                ; 100                ;
; Clock MUX Protection                                                       ; On                 ; On                 ;
; Auto Gated Clock Conversion                                                ; Off                ; Off                ;
; Block Design Naming                                                        ; Auto               ; Auto               ;
; SDC constraint protection                                                  ; Off                ; Off                ;
; Synthesis Effort                                                           ; Auto               ; Auto               ;
; Shift Register Replacement - Allow Asynchronous Clear Signal               ; On                 ; On                 ;
; Analysis & Synthesis Message Level                                         ; Medium             ; Medium             ;
; Disable Register Merging Across Hierarchies                                ; Auto               ; Auto               ;
; Resource Aware Inference For Block RAM                                     ; On                 ; On                 ;
+----------------------------------------------------------------------------+--------------------+--------------------+


Parallel compilation was disabled, but you have multiple processors available. Enable parallel compilation to reduce compilation time.
+-------------------------------------+
; Parallel Compilation                ;
+----------------------------+--------+
; Processors                 ; Number ;
+----------------------------+--------+
; Number detected on machine ; 4      ;
; Maximum allowed            ; 1      ;
+----------------------------+--------+


+-----------------------------------------------------------------------------------------------------------------------------+
; Analysis & Synthesis Source Files Read                                                                                      ;
+----------------------------------+-----------------+------------------------+-----------------------------------------------+
; File Name with User-Entered Path ; Used in Netlist ; File Type              ; File Name with Absolute Path                  ;
+----------------------------------+-----------------+------------------------+-----------------------------------------------+
; ../Verilog--main/mux2to1.v       ; yes             ; User Verilog HDL File  ; C:/Users/User/Desktop/Verilog--main/mux2to1.v ;
; ../Verilog--main/mux4to1.v       ; yes             ; User Verilog HDL File  ; C:/Users/User/Desktop/Verilog--main/mux4to1.v ;
; mux8to1.v                        ; yes             ; User Verilog HDL File  ; C:/Users/User/Desktop/homework/mux8to1.v      ;
+----------------------------------+-----------------+------------------------+-----------------------------------------------+


+----------------------------------------------------------------+
; Analysis & Synthesis Resource Usage Summary                    ;
+----------------------------------------------+-----------------+
; Resource                                     ; Usage           ;
+----------------------------------------------+-----------------+
; Estimated ALUTs Used                         ; 1               ;
; Dedicated logic registers                    ; 0               ;
;                                              ;                 ;
; Estimated ALUTs Unavailable                  ; 0               ;
;                                              ;                 ;
; Total combinational functions                ; 1               ;
; Combinational ALUT usage by number of inputs ;                 ;
;     -- 7 input functions                     ; 0               ;
;     -- 6 input functions                     ; 0               ;
;     -- 5 input functions                     ; 0               ;
;     -- 4 input functions                     ; 0               ;
;     -- <=3 input functions                   ; 1               ;
;                                              ;                 ;
; Combinational ALUTs by mode                  ;                 ;
;     -- normal mode                           ; 1               ;
;     -- extended LUT mode                     ; 0               ;
;     -- arithmetic mode                       ; 0               ;
;     -- shared arithmetic mode                ; 0               ;
;                                              ;                 ;
; Estimated ALUT/register pairs used           ; 0               ;
;                                              ;                 ;
; Total registers                              ; 0               ;
;     -- Dedicated logic registers             ; 0               ;
;     -- I/O registers                         ; 0               ;
;                                              ;                 ;
;                                              ;                 ;
; I/O pins                                     ; 15              ;
; Maximum fan-out node                         ; mux2to1:m20|Y~0 ;
; Maximum fan-out                              ; 1               ;
; Total fan-out                                ; 4               ;
; Average fan-out                              ; 0.25            ;
+----------------------------------------------+-----------------+


+------------------------------------------------------------------------------------------------------------------------------------------------------------------------------------------------+
; Analysis & Synthesis Resource Utilization by Entity                                                                                                                                            ;
+----------------------------+-------------------+--------------+-------------------+--------------+---------+-----------+-----------+------+--------------+----------------------+--------------+
; Compilation Hierarchy Node ; LC Combinationals ; LC Registers ; Block Memory Bits ; DSP Elements ; DSP 9x9 ; DSP 18x18 ; DSP 36x36 ; Pins ; Virtual Pins ; Full Hierarchy Name  ; Library Name ;
+----------------------------+-------------------+--------------+-------------------+--------------+---------+-----------+-----------+------+--------------+----------------------+--------------+
; |mux8to1                   ; 1 (0)             ; 0 (0)        ; 0                 ; 0            ; 0       ; 0         ; 0         ; 15   ; 0            ; |mux8to1             ; work         ;
;    |mux2to1:m20|           ; 1 (1)             ; 0 (0)        ; 0                 ; 0            ; 0       ; 0         ; 0         ; 0    ; 0            ; |mux8to1|mux2to1:m20 ; work         ;
+----------------------------+-------------------+--------------+-------------------+--------------+---------+-----------+-----------+------+--------------+----------------------+--------------+
Note: For table entries with two numbers listed, the numbers in parentheses indicate the number of resources of the given type used by the specific entity alone. The numbers listed outside of parentheses indicate the total resources of the given type used by the specific entity and all of its sub-entities in the hierarchy.


+------------------------------------------------------+
; General Register Statistics                          ;
+----------------------------------------------+-------+
; Statistic                                    ; Value ;
+----------------------------------------------+-------+
; Total registers                              ; 0     ;
; Number of registers using Synchronous Clear  ; 0     ;
; Number of registers using Synchronous Load   ; 0     ;
; Number of registers using Asynchronous Clear ; 0     ;
; Number of registers using Asynchronous Load  ; 0     ;
; Number of registers using Clock Enable       ; 0     ;
; Number of registers using Preset             ; 0     ;
+----------------------------------------------+-------+


+----------------------------------------------------------------------------------------------------------------------------------------------------------------------------------------------------------------+
; Port Connectivity Checks: "mux4to1:m41"                                                                                                                                                                        ;
+--------+-------+----------+------------------------------------------------------------------------------------------------------------------------------------------------------------------------------------+
; Port   ; Type  ; Severity ; Details                                                                                                                                                                            ;
+--------+-------+----------+------------------------------------------------------------------------------------------------------------------------------------------------------------------------------------+
; I0     ; Input ; Warning  ; Input port expression (32 bits) is wider than the input port (1 bits) it drives.  The 31 most-significant bit(s) in the expression will be dangling if they have no other fanouts. ;
; I0[-1] ; Input ; Info     ; Stuck at GND                                                                                                                                                                       ;
; I1     ; Input ; Info     ; Stuck at VCC                                                                                                                                                                       ;
; I2     ; Input ; Warning  ; Input port expression (32 bits) is wider than the input port (1 bits) it drives.  The 31 most-significant bit(s) in the expression will be dangling if they have no other fanouts. ;
; I2[-1] ; Input ; Info     ; Stuck at GND                                                                                                                                                                       ;
; I3     ; Input ; Info     ; Stuck at VCC                                                                                                                                                                       ;
+--------+-------+----------+------------------------------------------------------------------------------------------------------------------------------------------------------------------------------------+


+----------------------------------------------------------------------------------------------------------------------------------------------------------------------------------------------------------------+
; Port Connectivity Checks: "mux4to1:m40"                                                                                                                                                                        ;
+--------+-------+----------+------------------------------------------------------------------------------------------------------------------------------------------------------------------------------------+
; Port   ; Type  ; Severity ; Details                                                                                                                                                                            ;
+--------+-------+----------+------------------------------------------------------------------------------------------------------------------------------------------------------------------------------------+
; I0     ; Input ; Info     ; Stuck at VCC                                                                                                                                                                       ;
; I1     ; Input ; Warning  ; Input port expression (32 bits) is wider than the input port (1 bits) it drives.  The 31 most-significant bit(s) in the expression will be dangling if they have no other fanouts. ;
; I1[-1] ; Input ; Info     ; Stuck at GND                                                                                                                                                                       ;
; I2     ; Input ; Info     ; Stuck at VCC                                                                                                                                                                       ;
; I3     ; Input ; Info     ; Stuck at VCC                                                                                                                                                                       ;
+--------+-------+----------+------------------------------------------------------------------------------------------------------------------------------------------------------------------------------------+


+-------------------------------+
; Analysis & Synthesis Messages ;
+-------------------------------+
Info: *******************************************************************
Info: Running Quartus II Analysis & Synthesis
    Info: Version 9.1 Build 350 03/24/2010 Service Pack 2 SJ Web Edition
    Info: Processing started: Tue Mar 21 22:16:05 2023
Info: Command: quartus_map --read_settings_files=on --write_settings_files=off mux8to1 -c mux8to1
Info: Found 1 design units, including 1 entities, in source file /users/user/desktop/verilog--main/mux2to1.v
    Info: Found entity 1: mux2to1
Info: Found 1 design units, including 1 entities, in source file /users/user/desktop/verilog--main/mux4to1.v
    Info: Found entity 1: mux4to1
Info: Found 1 design units, including 1 entities, in source file mux8to1.v
    Info: Found entity 1: mux8to1
Info: Elaborating entity "mux8to1" for the top level hierarchy
Warning (10240): Verilog HDL Always Construct warning at mux8to1.v(8): inferring latch(es) for variable "I", which holds its previous value in one or more paths through the always construct
Warning (10034): Output port "I[6]" at mux8to1.v(5) has no driver
Warning (10034): Output port "I[4]" at mux8to1.v(5) has no driver
Warning (10034): Output port "I[1]" at mux8to1.v(5) has no driver
Info (10041): Inferred latch for "I[0]" at mux8to1.v(12)
Info (10041): Inferred latch for "I[2]" at mux8to1.v(12)
Info (10041): Inferred latch for "I[3]" at mux8to1.v(12)
Info (10041): Inferred latch for "I[5]" at mux8to1.v(12)
Info (10041): Inferred latch for "I[7]" at mux8to1.v(12)
Info: Elaborating entity "mux4to1" for hierarchy "mux4to1:m40"
Info: Elaborating entity "mux2to1" for hierarchy "mux2to1:m20"
Warning: 2 hierarchies have connectivity warnings - see the Connectivity Checks report folder
Warning: Output pins are stuck at VCC or GND
    Warning (13410): Pin "I[0]" is stuck at VCC
    Warning (13410): Pin "I[1]" is stuck at GND
    Warning (13410): Pin "I[2]" is stuck at VCC
    Warning (13410): Pin "I[3]" is stuck at VCC
    Warning (13410): Pin "I[4]" is stuck at GND
    Warning (13410): Pin "I[5]" is stuck at VCC
    Warning (13410): Pin "I[6]" is stuck at GND
    Warning (13410): Pin "I[7]" is stuck at VCC
Info: Generated suppressed messages file C:/Users/User/Desktop/homework/mux8to1.map.smsg
Warning: Design contains 3 input pin(s) that do not drive logic
    Warning (15610): No output dependent on input pin "x"
    Warning (15610): No output dependent on input pin "y"
    Warning (15610): No output dependent on input pin "z"
Info: Implemented 16 device resources after synthesis - the final resource count might be different
    Info: Implemented 6 input pins
    Info: Implemented 9 output pins
    Info: Implemented 1 logic cells
Info: Quartus II Analysis & Synthesis was successful. 0 errors, 18 warnings
    Info: Peak virtual memory: 222 megabytes
    Info: Processing ended: Tue Mar 21 22:16:05 2023
    Info: Elapsed time: 00:00:00
    Info: Total CPU time (on all processors): 00:00:00


+------------------------------------------+
; Analysis & Synthesis Suppressed Messages ;
+------------------------------------------+
The suppressed messages can be found in C:/Users/User/Desktop/homework/mux8to1.map.smsg.


